#
# There is insufficient memory for the Java Runtime Environment to continue.
# Native memory allocation (mmap) failed to map 65536 bytes. Error detail: Failed to commit metaspace.
# Possible reasons:
#   The system is out of physical RAM or swap space
#   This process is running with CompressedOops enabled, and the Java Heap may be blocking the growth of the native heap
# Possible solutions:
#   Reduce memory load on the system
#   Increase physical memory or swap space
#   Check if swap backing store is full
#   Decrease Java heap size (-Xmx/-Xms)
#   Decrease number of Java threads
#   Decrease Java thread stack sizes (-Xss)
#   Set larger code cache with -XX:ReservedCodeCacheSize=
#   JVM is running with Unscaled Compressed Oops mode in which the Java heap is
#     placed in the first 4GB address space. The Java Heap base address is the
#     maximum limit for the native heap growth. Please use -XX:HeapBaseMinAddress
#     to set the Java Heap base and to place the Java Heap above 4GB virtual address.
# This output file may be truncated or incomplete.
#
#  Out of Memory Error (virtualSpaceNode.cpp:110), pid=3360, tid=21208
#
# JRE version: OpenJDK Runtime Environment Microsoft-10376486 (17.0.13+11) (build 17.0.13+11-LTS)
# Java VM: OpenJDK 64-Bit Server VM Microsoft-10376486 (17.0.13+11-LTS, mixed mode, sharing, tiered, compressed oops, compressed class ptrs, g1 gc, windows-amd64)
# No core dump will be written. Minidumps are not enabled by default on client versions of Windows
#

---------------  S U M M A R Y ------------

Command Line: org.jetbrains.kotlin.cli.jvm.K2JVMCompiler @C:\Users\dell\Desktop\react\SocialApps\node_modules\react-native-gesture-handler\android\build\20250205_7169634911372206133.compiler.options

Host: Intel(R) Core(TM) i5-6300U CPU @ 2.40GHz, 4 cores, 7G,  Windows 10 , 64 bit Build 19041 (10.0.19041.5198)
Time: Wed Feb  5 14:08:31 2025 India Standard Time elapsed time: 7.501593 seconds (0d 0h 0m 7s)

---------------  T H R E A D  ---------------

Current thread (0x000001b2b7e40640):  JavaThread "main" [_thread_in_vm, id=21208, stack(0x0000007879a00000,0x0000007879b00000)]

Stack: [0x0000007879a00000,0x0000007879b00000]
Native frames: (J=compiled Java code, j=interpreted, Vv=VM code, C=native code)
V  [jvm.dll+0x687fc9]
V  [jvm.dll+0x83eeb8]
V  [jvm.dll+0x840963]
V  [jvm.dll+0x840fd3]
V  [jvm.dll+0x24951f]
V  [jvm.dll+0x83ac6d]
V  [jvm.dll+0x62c3ce]
V  [jvm.dll+0x1c1630]
V  [jvm.dll+0x62ed30]
V  [jvm.dll+0x62cd76]
V  [jvm.dll+0x636c77]
V  [jvm.dll+0x1eb39d]
V  [jvm.dll+0x1eb8a5]
V  [jvm.dll+0x1ec249]
V  [jvm.dll+0x1e1901]
V  [jvm.dll+0x54b5e4]
V  [jvm.dll+0x7b8c48]
V  [jvm.dll+0x7b8d34]
V  [jvm.dll+0x417af3]
V  [jvm.dll+0x41e5e9]
C  [java.dll+0x17ec]

Java frames: (J=compiled Java code, j=interpreted, Vv=VM code)
J 272  java.lang.ClassLoader.defineClass1(Ljava/lang/ClassLoader;Ljava/lang/String;[BIILjava/security/ProtectionDomain;Ljava/lang/String;)Ljava/lang/Class; java.base@17.0.13 (0 bytes) @ 0x000001b2c7466d63 [0x000001b2c7466ca0+0x00000000000000c3]
J 666 c1 java.lang.ClassLoader.defineClass(Ljava/lang/String;[BIILjava/security/ProtectionDomain;)Ljava/lang/Class; java.base@17.0.13 (43 bytes) @ 0x000001b2bfa9bb44 [0x000001b2bfa9b800+0x0000000000000344]
J 594 c1 java.security.SecureClassLoader.defineClass(Ljava/lang/String;[BIILjava/security/CodeSource;)Ljava/lang/Class; java.base@17.0.13 (16 bytes) @ 0x000001b2bfa7558c [0x000001b2bfa754c0+0x00000000000000cc]
J 517 c1 jdk.internal.loader.BuiltinClassLoader.defineClass(Ljava/lang/String;Ljdk/internal/loader/Resource;)Ljava/lang/Class; java.base@17.0.13 (121 bytes) @ 0x000001b2bfa49c0c [0x000001b2bfa48a40+0x00000000000011cc]
J 459 c1 jdk.internal.loader.BuiltinClassLoader.findClassOnClassPathOrNull(Ljava/lang/String;)Ljava/lang/Class; java.base@17.0.13 (64 bytes) @ 0x000001b2bfa211a4 [0x000001b2bfa20100+0x00000000000010a4]
J 228 c1 jdk.internal.loader.BuiltinClassLoader.loadClassOrNull(Ljava/lang/String;Z)Ljava/lang/Class; java.base@17.0.13 (143 bytes) @ 0x000001b2bf9c3224 [0x000001b2bf9c2340+0x0000000000000ee4]
J 488 c1 jdk.internal.loader.ClassLoaders$AppClassLoader.loadClass(Ljava/lang/String;Z)Ljava/lang/Class; java.base@17.0.13 (40 bytes) @ 0x000001b2bfa333e4 [0x000001b2bfa32de0+0x0000000000000604]
J 487 c1 java.lang.ClassLoader.loadClass(Ljava/lang/String;)Ljava/lang/Class; java.base@17.0.13 (7 bytes) @ 0x000001b2bfa32a4c [0x000001b2bfa32940+0x000000000000010c]
v  ~StubRoutines::call_stub
j  org.jetbrains.kotlin.cli.jvm.compiler.pipeline.JvmCompilerPipelineKt.createProjectEnvironment(Lorg/jetbrains/kotlin/config/CompilerConfiguration;Lorg/jetbrains/kotlin/com/intellij/openapi/Disposable;Lorg/jetbrains/kotlin/cli/jvm/compiler/EnvironmentConfigFiles;Lorg/jetbrains/kotlin/cli/common/messages/MessageCollector;)Lorg/jetbrains/kotlin/cli/jvm/compiler/VfsBasedProjectEnvironment;+40
j  org.jetbrains.kotlin.cli.jvm.K2JVMCompiler.doExecute(Lorg/jetbrains/kotlin/cli/common/arguments/K2JVMCompilerArguments;Lorg/jetbrains/kotlin/config/CompilerConfiguration;Lorg/jetbrains/kotlin/com/intellij/openapi/Disposable;Lorg/jetbrains/kotlin/utils/KotlinPaths;)Lorg/jetbrains/kotlin/cli/common/ExitCode;+911
j  org.jetbrains.kotlin.cli.jvm.K2JVMCompiler.doExecute(Lorg/jetbrains/kotlin/cli/common/arguments/CommonCompilerArguments;Lorg/jetbrains/kotlin/config/CompilerConfiguration;Lorg/jetbrains/kotlin/com/intellij/openapi/Disposable;Lorg/jetbrains/kotlin/utils/KotlinPaths;)Lorg/jetbrains/kotlin/cli/common/ExitCode;+9
j  org.jetbrains.kotlin.cli.common.CLICompiler.execImpl(Lorg/jetbrains/kotlin/cli/common/messages/MessageCollector;Lorg/jetbrains/kotlin/config/Services;Lorg/jetbrains/kotlin/cli/common/arguments/CommonCompilerArguments;)Lorg/jetbrains/kotlin/cli/common/ExitCode;+238
j  org.jetbrains.kotlin.cli.common.CLICompiler.execImpl(Lorg/jetbrains/kotlin/cli/common/messages/MessageCollector;Lorg/jetbrains/kotlin/config/Services;Lorg/jetbrains/kotlin/cli/common/arguments/CommonToolArguments;)Lorg/jetbrains/kotlin/cli/common/ExitCode;+7
j  org.jetbrains.kotlin.cli.common.CLITool.exec(Lorg/jetbrains/kotlin/cli/common/messages/MessageCollector;Lorg/jetbrains/kotlin/config/Services;Lorg/jetbrains/kotlin/cli/common/arguments/CommonToolArguments;)Lorg/jetbrains/kotlin/cli/common/ExitCode;+76
j  org.jetbrains.kotlin.cli.common.CLITool.exec(Ljava/io/PrintStream;Lorg/jetbrains/kotlin/config/Services;Lorg/jetbrains/kotlin/cli/common/messages/MessageRenderer;[Ljava/lang/String;)Lorg/jetbrains/kotlin/cli/common/ExitCode;+239
j  org.jetbrains.kotlin.cli.common.CLITool.exec(Ljava/io/PrintStream;Lorg/jetbrains/kotlin/cli/common/messages/MessageRenderer;[Ljava/lang/String;)Lorg/jetbrains/kotlin/cli/common/ExitCode;+25
j  org.jetbrains.kotlin.cli.common.CLITool$Companion.doMainNoExit(Lorg/jetbrains/kotlin/cli/common/CLITool;[Ljava/lang/String;Lorg/jetbrains/kotlin/cli/common/messages/MessageRenderer;)Lorg/jetbrains/kotlin/cli/common/ExitCode;+39
j  org.jetbrains.kotlin.cli.common.CLITool$Companion.doMainNoExit$default(Lorg/jetbrains/kotlin/cli/common/CLITool$Companion;Lorg/jetbrains/kotlin/cli/common/CLITool;[Ljava/lang/String;Lorg/jetbrains/kotlin/cli/common/messages/MessageRenderer;ILjava/lang/Object;)Lorg/jetbrains/kotlin/cli/common/ExitCode;+16
j  org.jetbrains.kotlin.cli.common.CLITool$Companion.doMain(Lorg/jetbrains/kotlin/cli/common/CLITool;[Ljava/lang/String;)V+54
j  org.jetbrains.kotlin.cli.jvm.K2JVMCompiler$Companion.main([Ljava/lang/String;)V+20
j  org.jetbrains.kotlin.cli.jvm.K2JVMCompiler.main([Ljava/lang/String;)V+4
v  ~StubRoutines::call_stub

Compiled method (n/a)    7660  272     n 0       java.lang.ClassLoader::defineClass1 (native)
 total in heap  [0x000001b2c7466b10,0x000001b2c7466ff0] = 1248
 relocation     [0x000001b2c7466c68,0x000001b2c7466ca0] = 56
 main code      [0x000001b2c7466ca0,0x000001b2c7466ff0] = 848

[Constant Pool (empty)]

[MachCode]
[Entry Point]
  # {method} {0x000001b2d6010f28} 'defineClass1' '(Ljava/lang/ClassLoader;Ljava/lang/String;[BIILjava/security/ProtectionDomain;Ljava/lang/String;)Ljava/lang/Class;' in 'java/lang/ClassLoader'
  # parm0:    rdx:rdx   = 'java/lang/ClassLoader'
  # parm1:    r8:r8     = 'java/lang/String'
  # parm2:    r9:r9     = '[B'
  # parm3:    rdi       = int
  # parm4:    rsi       = int
  # parm5:    rcx:rcx   = 'java/security/ProtectionDomain'
  # parm6:    [sp+0xa0]   = 'java/lang/String'  (sp of caller)
  0x000001b2c7466ca0: 448b 5208 | 49bb 0000 | 00d6 b201 | 0000 4d03 | d349 3bc2 | 0f84 0600 

  0x000001b2c7466cb8: ;   {runtime_call ic_miss_stub}
  0x000001b2c7466cb8: 0000 e9c1 | a3a9 ff90 
[Verified Entry Point]
  0x000001b2c7466cc0: 8984 2400 | 90ff ff55 | 488b ec48 | 81ec 9000 | 0000 4881 | 7d10 0000 | 0000 488d | 4510 480f 
  0x000001b2c7466ce0: 4445 1048 | 8944 2440 | 4889 4c24 | 7048 83f9 | 0048 8d44 | 2470 480f | 4444 2470 | 4889 4424 
  0x000001b2c7466d00: 3848 8974 | 2430 4889 | 7c24 284c | 894c 2458 | 4983 f900 | 488d 4424 | 5848 0f44 | 4424 5848 
  0x000001b2c7466d20: 8944 2420 | 4c89 4424 | 5049 83f8 | 004c 8d4c | 2450 4c0f | 444c 2450 | 4889 5424 | 4848 83fa 
  0x000001b2c7466d40: 004c 8d44 | 2448 4c0f | 4444 2448 

  0x000001b2c7466d4c: ;   {oop(a 'java/lang/Class'{0x0000000081f14da8} = 'java/lang/ClassLoader')}
  0x000001b2c7466d4c: 49be a84d | f181 0000 | 0000 4c89 | 7424 784c | 8d74 2478 | 498b d6c5 

  0x000001b2c7466d64: ;   {internal_word}
  0x000001b2c7466d64: f877 49ba | 636d 46c7 | b201 0000 | 4d89 97a0 | 0200 0049 | 89a7 9802 

  0x000001b2c7466d7c: ;   {external_word}
  0x000001b2c7466d7c: 0000 49ba | 5c27 dcdc | fd7f 0000 | 4180 3a00 | 0f84 5200 | 0000 5241 

  0x000001b2c7466d94: ;   {metadata({method} {0x000001b2d6010f28} 'defineClass1' '(Ljava/lang/ClassLoader;Ljava/lang/String;[BIILjava/security/ProtectionDomain;Ljava/lang/String;)Ljava/lang/Class;' in 'java/lang/ClassLoader')}
  0x000001b2c7466d94: 5041 5148 | ba20 0f01 | d6b2 0100 | 0049 8bcf | 4883 ec20 | f7c4 0f00 | 0000 0f84 | 1a00 0000 
  0x000001b2c7466db4: 4883 ec08 

  0x000001b2c7466db8: ;   {runtime_call}
  0x000001b2c7466db8: 49ba 00e2 | 91dc fd7f | 0000 41ff | d248 83c4 | 08e9 0d00 

  0x000001b2c7466dcc: ;   {runtime_call}
  0x000001b2c7466dcc: 0000 49ba | 00e2 91dc | fd7f 0000 | 41ff d248 | 83c4 2041 | 5941 585a | 498d 8fb8 | 0200 0041 
  0x000001b2c7466dec: c787 4803 | 0000 0400 

  0x000001b2c7466df4: ;   {runtime_call}
  0x000001b2c7466df4: 0000 49ba | ac16 0c5a | fe7f 0000 | 41ff d2c5 | f877 41c7 | 8748 0300 | 0005 0000 | 00f0 8344 
  0x000001b2c7466e14: 24c0 0049 | 3baf 5003 | 0000 0f87 | 1100 0000 | 4181 bf38 | 0300 0000 | 0000 000f | 842c 0000 
  0x000001b2c7466e34: 00c5 f877 | 4889 45f8 | 498b cf4c | 8be4 4883 | ec20 4883 

  0x000001b2c7466e48: ;   {runtime_call}
  0x000001b2c7466e48: e4f0 49ba | 20ef a1dc | fd7f 0000 | 41ff d249 | 8be4 4d33 | e448 8b45 | f841 c787 | 4803 0000 
  0x000001b2c7466e68: 0800 0000 | 4181 bfb8 | 0300 0002 | 0000 000f | 843f 0100 

  0x000001b2c7466e7c: ;   {external_word}
  0x000001b2c7466e7c: 0049 ba5c | 27dc dcfd | 7f00 0041 | 803a 000f | 8450 0000 | 0048 8945 

  0x000001b2c7466e94: ;   {metadata({method} {0x000001b2d6010f28} 'defineClass1' '(Ljava/lang/ClassLoader;Ljava/lang/String;[BIILjava/security/ProtectionDomain;Ljava/lang/String;)Ljava/lang/Class;' in 'java/lang/ClassLoader')}
  0x000001b2c7466e94: f848 ba20 | 0f01 d6b2 | 0100 0049 | 8bcf 4883 | ec20 f7c4 | 0f00 0000 | 0f84 1a00 | 0000 4883 
  0x000001b2c7466eb4: ;   {runtime_call}
  0x000001b2c7466eb4: ec08 49ba | 00e2 91dc | fd7f 0000 | 41ff d248 | 83c4 08e9 | 0d00 0000 

  0x000001b2c7466ecc: ;   {runtime_call}
  0x000001b2c7466ecc: 49ba 00e2 | 91dc fd7f | 0000 41ff | d248 83c4 | 2048 8b45 | f849 c787 | 9802 0000 | 0000 0000 
  0x000001b2c7466eec: 49c7 87a0 | 0200 0000 | 0000 00c5 | f877 4885 | c00f 8493 | 0000 0048 | f7c0 0100 | 0000 0f84 
  0x000001b2c7466f0c: 8300 0000 | 488b 40ff | 4180 7f38 | 000f 846f | 0000 0048 | 83f8 000f | 8465 0000 | 0049 8b4f 
  0x000001b2c7466f2c: 2048 83f9 | 000f 8414 | 0000 0048 | 83e9 0849 | 894f 2049 | 034f 3048 | 8901 e943 | 0000 0050 
  0x000001b2c7466f4c: 498b d748 | 8bc8 4883 | ec20 f7c4 | 0f00 0000 | 0f84 1a00 | 0000 4883 

  0x000001b2c7466f64: ;   {runtime_call}
  0x000001b2c7466f64: ec08 49ba | f087 50dc | fd7f 0000 | 41ff d248 | 83c4 08e9 | 0d00 0000 

  0x000001b2c7466f7c: ;   {runtime_call}
  0x000001b2c7466f7c: 49ba f087 | 50dc fd7f | 0000 41ff | d248 83c4 | 2058 e903 | 0000 0048 | 8b00 498b | 8fd8 0000 
  0x000001b2c7466f9c: 00c7 8100 | 0100 0000 | 0000 00c9 | 4981 7f08 | 0000 0000 | 0f85 0100 

  0x000001b2c7466fb4: ;   {runtime_call StubRoutines (1)}
  0x000001b2c7466fb4: 0000 c3e9 | 449f a4ff | c5f8 7748 | 8945 f84c | 8be4 4883 | ec20 4883 

  0x000001b2c7466fcc: ;   {runtime_call}
  0x000001b2c7466fcc: e4f0 49ba | 1013 92dc | fd7f 0000 | 41ff d249 | 8be4 4d33 | e448 8b45 | f8e9 93fe | ffff f4f4 
  0x000001b2c7466fec: f4f4 f4f4 
[/MachCode]


Compiled method (c1)    7678  666       3       java.lang.ClassLoader::defineClass (43 bytes)
 total in heap  [0x000001b2bfa9b610,0x000001b2bfa9bf28] = 2328
 relocation     [0x000001b2bfa9b768,0x000001b2bfa9b7f8] = 144
 main code      [0x000001b2bfa9b800,0x000001b2bfa9bc80] = 1152
 stub code      [0x000001b2bfa9bc80,0x000001b2bfa9bcf8] = 120
 metadata       [0x000001b2bfa9bcf8,0x000001b2bfa9bd28] = 48
 scopes data    [0x000001b2bfa9bd28,0x000001b2bfa9be18] = 240
 scopes pcs     [0x000001b2bfa9be18,0x000001b2bfa9bef8] = 224
 dependencies   [0x000001b2bfa9bef8,0x000001b2bfa9bf00] = 8
 nul chk table  [0x000001b2bfa9bf00,0x000001b2bfa9bf28] = 40

[Constant Pool (empty)]

[MachCode]
[Entry Point]
  # {method} {0x000001b2d6010cc0} 'defineClass' '(Ljava/lang/String;[BIILjava/security/ProtectionDomain;)Ljava/lang/Class;' in 'java/lang/ClassLoader'
  # this:     rdx:rdx   = 'java/lang/ClassLoader'
  # parm0:    r8:r8     = 'java/lang/String'
  # parm1:    r9:r9     = '[B'
  # parm2:    rdi       = int
  # parm3:    rsi       = int
  # parm4:    rcx:rcx   = 'java/security/ProtectionDomain'
  #           [sp+0xc0]  (sp of caller)
  0x000001b2bfa9b800: 448b 5208 | 49bb 0000 | 00d6 b201 | 0000 4d03 | d34c 3bd0 

  0x000001b2bfa9b814: ;   {runtime_call ic_miss_stub}
  0x000001b2bfa9b814: 0f85 6658 | 4607 660f | 1f44 0000 
[Verified Entry Point]
  0x000001b2bfa9b820: 8984 2400 | 90ff ff55 | 4881 ecb0 | 0000 0048 | 8954 2478 

  0x000001b2bfa9b834: ;   {metadata(method data for {method} {0x000001b2d6010cc0} 'defineClass' '(Ljava/lang/String;[BIILjava/security/ProtectionDomain;)Ljava/lang/Class;' in 'java/lang/ClassLoader')}
  0x000001b2bfa9b834: 48bb 583a | 1117 b301 | 0000 8b83 | cc00 0000 | 83c0 0289 | 83cc 0000 | 0081 e0fe | 0700 0083 
  0x000001b2bfa9b854: f800 0f84 | 3e03 0000 | 89b4 2494 | 0000 0089 | bc24 9000 | 0000 4c89 | 8c24 8800 | 0000 488b 
  0x000001b2bfa9b874: ;   {metadata(method data for {method} {0x000001b2d6010cc0} 'defineClass' '(Ljava/lang/String;[BIILjava/security/ProtectionDomain;)Ljava/lang/Class;' in 'java/lang/ClassLoader')}
  0x000001b2bfa9b874: da48 b858 | 3a11 17b3 | 0100 0048 | 8380 1001 | 0000 0149 | 8bd8 4c8b | c34c 8bc9 | 488b ca48 
  0x000001b2bfa9b894: 8bd1 4889 | 9c24 8000 

  0x000001b2bfa9b89c: ;   {optimized virtual_call}
  0x000001b2bfa9b89c: 0000 90e8 

  0x000001b2bfa9b8a0: ; ImmutableOopMap {[120]=Oop [136]=Oop [128]=Oop }
                      ;*invokevirtual preDefineClass {reexecute=0 rethrow=0 return_oop=0}
                      ; - java.lang.ClassLoader::defineClass@4 (line 1015)
  0x000001b2bfa9b8a0: 7c32 0000 | 4889 8424 | 9800 0000 | 488b 5424 

  0x000001b2bfa9b8b0: ;   {metadata(method data for {method} {0x000001b2d6010cc0} 'defineClass' '(Ljava/lang/String;[BIILjava/security/ProtectionDomain;)Ljava/lang/Class;' in 'java/lang/ClassLoader')}
  0x000001b2bfa9b8b0: 7849 b858 | 3a11 17b3 | 0100 0049 | 8380 4801 

  0x000001b2bfa9b8c0: ;   {metadata(method data for {method} {0x000001b2d6010ed0} 'defineClassSourceLocation' '(Ljava/security/ProtectionDomain;)Ljava/lang/String;' in 'java/lang/ClassLoader')}
  0x000001b2bfa9b8c0: 0000 0149 | b858 7e11 | 17b3 0100 | 0041 8b90 | cc00 0000 | 83c2 0241 | 8990 cc00 | 0000 81e2 
  0x000001b2bfa9b8e0: feff 1f00 | 83fa 000f | 84ce 0200 | 0048 3b00 

  0x000001b2bfa9b8f0: ;   {metadata(method data for {method} {0x000001b2d6010ed0} 'defineClassSourceLocation' '(Ljava/security/ProtectionDomain;)Ljava/lang/String;' in 'java/lang/ClassLoader')}
  0x000001b2bfa9b8f0: 4c8b c048 | ba58 7e11 | 17b3 0100 | 0048 8382 | 1001 0000 | 0144 8b40 | 1049 83f8 

  0x000001b2bfa9b90c: ;   {metadata(method data for {method} {0x000001b2d6010ed0} 'defineClassSourceLocation' '(Ljava/security/ProtectionDomain;)Ljava/lang/String;' in 'java/lang/ClassLoader')}
  0x000001b2bfa9b90c: 0048 ba58 | 7e11 17b3 | 0100 0048 | c7c6 5801 | 0000 0f85 | 0700 0000 | 48c7 c648 | 0100 0048 
  0x000001b2bfa9b92c: 8b3c 3248 | 8d7f 0148 | 893c 320f | 850f 0000 

  0x000001b2bfa9b93c: ;   {oop(NULL)}
  0x000001b2bfa9b93c: 0048 bb00 | 0000 0000 | 0000 00e9 | a301 0000 

  0x000001b2bfa9b94c: ; implicit exception: dispatches to 0x000001b2bfa9bbe1
  0x000001b2bfa9b94c: 493b 0049 

  0x000001b2bfa9b950: ;   {metadata(method data for {method} {0x000001b2d6010ed0} 'defineClassSourceLocation' '(Ljava/security/ProtectionDomain;)Ljava/lang/String;' in 'java/lang/ClassLoader')}
  0x000001b2bfa9b950: 8bd0 48be | 587e 1117 | b301 0000 | 4883 8668 | 0100 0001 | 418b 500c | 4883 fa00 

  0x000001b2bfa9b96c: ;   {metadata(method data for {method} {0x000001b2d6010ed0} 'defineClassSourceLocation' '(Ljava/security/ProtectionDomain;)Ljava/lang/String;' in 'java/lang/ClassLoader')}
  0x000001b2bfa9b96c: 48be 587e | 1117 b301 | 0000 48c7 | c7b0 0100 | 000f 8507 | 0000 0048 | c7c7 a001 | 0000 488b 
  0x000001b2bfa9b98c: 1c3e 488d | 5b01 4889 | 1c3e 0f85 | 0f00 0000 

  0x000001b2bfa9b99c: ;   {oop(NULL)}
  0x000001b2bfa9b99c: 48bb 0000 | 0000 0000 | 0000 e944 

  0x000001b2bfa9b9a8: ;   {metadata(method data for {method} {0x000001b2d6010ed0} 'defineClassSourceLocation' '(Ljava/security/ProtectionDomain;)Ljava/lang/String;' in 'java/lang/ClassLoader')}
  0x000001b2bfa9b9a8: 0100 0048 | be58 7e11 | 17b3 0100 | 0048 8386 | c001 0000 | 0148 3b02 

  0x000001b2bfa9b9c0: ;   {metadata(method data for {method} {0x000001b2d6010ed0} 'defineClassSourceLocation' '(Ljava/security/ProtectionDomain;)Ljava/lang/String;' in 'java/lang/ClassLoader')}
  0x000001b2bfa9b9c0: 4c8b c248 | be58 7e11 | 17b3 0100 | 0048 8386 | f801 0000 

  0x000001b2bfa9b9d4: ;   {metadata(method data for {method} {0x000001b2d6069960} 'toString' '()Ljava/lang/String;' in 'java/net/URL')}
  0x000001b2bfa9b9d4: 0149 b8a8 | 560d 17b3 | 0100 0041 | 8bb0 cc00 | 0000 83c6 | 0241 89b0 | cc00 0000 | 81e6 feff 
  0x000001b2bfa9b9f4: 1f00 83fe | 000f 84ec | 0100 004c 

  0x000001b2bfa9ba00: ;   {metadata(method data for {method} {0x000001b2d6069960} 'toString' '()Ljava/lang/String;' in 'java/net/URL')}
  0x000001b2bfa9ba00: 8bc2 48be | a856 0d17 | b301 0000 | 4883 8610 | 0100 0001 

  0x000001b2bfa9ba14: ;   {metadata(method data for {method} {0x000001b2d606a1f8} 'toExternalForm' '()Ljava/lang/String;' in 'java/net/URL')}
  0x000001b2bfa9ba14: 49b8 3058 | 0d17 b301 | 0000 418b | b0cc 0000 | 0083 c602 | 4189 b0cc | 0000 0081 | e6fe ff1f 
  0x000001b2bfa9ba34: 0083 fe00 | 0f84 ce01 | 0000 8b72 | 3848 3b06 

  0x000001b2bfa9ba44: ;   {metadata(method data for {method} {0x000001b2d606a1f8} 'toExternalForm' '()Ljava/lang/String;' in 'java/net/URL')}
  0x000001b2bfa9ba44: 4c8b c648 | bf30 580d | 17b3 0100 | 0045 8b40 | 0849 ba00 | 0000 d6b2 | 0100 004d | 03c2 4c3b 
  0x000001b2bfa9ba64: 8720 0100 | 0075 0d48 | 8387 2801 | 0000 01e9 | 6600 0000 | 4c3b 8730 | 0100 0075 | 0d48 8387 
  0x000001b2bfa9ba84: 3801 0000 | 01e9 5000 | 0000 4881 | bf20 0100 | 0000 0000 | 0075 174c | 8987 2001 | 0000 48c7 
  0x000001b2bfa9baa4: 8728 0100 | 0001 0000 | 00e9 2c00 | 0000 4881 | bf30 0100 | 0000 0000 | 0075 174c | 8987 3001 
  0x000001b2bfa9bac4: 0000 48c7 | 8738 0100 | 0001 0000 | 00e9 0800 | 0000 4883 | 8710 0100 | 0001 4c8b | c248 8bd6 
  0x000001b2bfa9bae4: ;   {optimized virtual_call}
  0x000001b2bfa9bae4: 6666 90e8 

  0x000001b2bfa9bae8: ; ImmutableOopMap {[120]=Oop [136]=Oop [128]=Oop [152]=Oop }
                      ;*invokevirtual toExternalForm {reexecute=0 rethrow=0 return_oop=0}
                      ; - java.net.URL::toExternalForm@5 (line 1039)
                      ; - java.net.URL::toString@1 (line 1025)
                      ; - java.lang.ClassLoader::defineClassSourceLocation@22 (line 917)
                      ; - java.lang.ClassLoader::defineClass@12 (line 1016)
  0x000001b2bfa9bae8: d460 fbff | 488b d848 | 8b84 2498 | 0000 008b | b424 9400 | 0000 8bbc | 2490 0000 | 004c 8b8c 
  0x000001b2bfa9bb08: 2488 0000 | 004c 8b84 | 2480 0000 | 0048 8b54 

  0x000001b2bfa9bb18: ;   {metadata(method data for {method} {0x000001b2d6010cc0} 'defineClass' '(Ljava/lang/String;[BIILjava/security/ProtectionDomain;)Ljava/lang/Class;' in 'java/lang/ClassLoader')}
  0x000001b2bfa9bb18: 2478 48b9 | 583a 1117 | b301 0000 | 4883 8180 | 0100 0001 | 4c8b da49 | 8bd3 488b | c848 891c 
  0x000001b2bfa9bb38: 2466 0f1f 

  0x000001b2bfa9bb3c: ;   {static_call}
  0x000001b2bfa9bb3c: 4400 00e8 

  0x000001b2bfa9bb40: ; ImmutableOopMap {[152]=Oop [120]=Oop }
                      ;*invokestatic defineClass1 {reexecute=0 rethrow=0 return_oop=0}
                      ; - java.lang.ClassLoader::defineClass@27 (line 1017)
  0x000001b2bfa9bb40: 7cb1 9c07 | 488b 5424 

  0x000001b2bfa9bb48: ;   {metadata(method data for {method} {0x000001b2d6010cc0} 'defineClass' '(Ljava/lang/String;[BIILjava/security/ProtectionDomain;)Ljava/lang/Class;' in 'java/lang/ClassLoader')}
  0x000001b2bfa9bb48: 7849 b858 | 3a11 17b3 | 0100 0049 | 8380 9001 | 0000 014c | 8bc0 4c8b | 8c24 9800 | 0000 488b 
  0x000001b2bfa9bb68: 5424 7848 | 8984 24a0 | 0000 000f 

  0x000001b2bfa9bb74: ;   {optimized virtual_call}
  0x000001b2bfa9bb74: 1f40 00e8 

  0x000001b2bfa9bb78: ; ImmutableOopMap {[160]=Oop }
                      ;*invokevirtual postDefineClass {reexecute=0 rethrow=0 return_oop=0}
                      ; - java.lang.ClassLoader::defineClass@37 (line 1018)
  0x000001b2bfa9bb78: a460 0000 | 488b 8424 | a000 0000 | 4881 c4b0 | 0000 005d 

  0x000001b2bfa9bb8c: ;   {poll_return}
  0x000001b2bfa9bb8c: 493b a750 | 0300 000f | 8799 0000 

  0x000001b2bfa9bb98: ;   {metadata({method} {0x000001b2d6010cc0} 'defineClass' '(Ljava/lang/String;[BIILjava/security/ProtectionDomain;)Ljava/lang/Class;' in 'java/lang/ClassLoader')}
  0x000001b2bfa9bb98: 00c3 49ba | b80c 01d6 | b201 0000 | 4c89 5424 | 0848 c704 | 24ff ffff 

  0x000001b2bfa9bbb0: ;   {runtime_call counter_overflow Runtime1 stub}
  0x000001b2bfa9bbb0: ffe8 4a7e 

  0x000001b2bfa9bbb4: ; ImmutableOopMap {rdx=Oop [120]=Oop r8=Oop r9=Oop rcx=Oop }
                      ;*synchronization entry
                      ; - java.lang.ClassLoader::defineClass@-1 (line 1015)
  0x000001b2bfa9bbb4: 5107 e9a1 

  0x000001b2bfa9bbb8: ;   {metadata({method} {0x000001b2d6010ed0} 'defineClassSourceLocation' '(Ljava/security/ProtectionDomain;)Ljava/lang/String;' in 'java/lang/ClassLoader')}
  0x000001b2bfa9bbb8: fcff ff49 | bac8 0e01 | d6b2 0100 | 004c 8954 | 2408 48c7 | 0424 ffff 

  0x000001b2bfa9bbd0: ;   {runtime_call counter_overflow Runtime1 stub}
  0x000001b2bfa9bbd0: ffff e829 

  0x000001b2bfa9bbd4: ; ImmutableOopMap {[120]=Oop [136]=Oop [128]=Oop rax=Oop [152]=Oop }
                      ;*synchronization entry
                      ; - java.lang.ClassLoader::defineClassSourceLocation@-1 (line 914)
                      ; - java.lang.ClassLoader::defineClass@12 (line 1016)
  0x000001b2bfa9bbd4: 7e51 07e9 | 11fd ffff 

  0x000001b2bfa9bbdc: ;   {runtime_call throw_null_pointer_exception Runtime1 stub}
  0x000001b2bfa9bbdc: e83f 2d51 

  0x000001b2bfa9bbe0: ; ImmutableOopMap {[120]=Oop [136]=Oop [128]=Oop rax=Oop [152]=Oop }
                      ;*invokevirtual getCodeSource {reexecute=0 rethrow=0 return_oop=0}
                      ; - java.lang.ClassLoader::defineClassSourceLocation@1 (line 914)
                      ; - java.lang.ClassLoader::defineClass@12 (line 1016)
                      ;   {runtime_call throw_null_pointer_exception Runtime1 stub}
  0x000001b2bfa9bbe0: 07e8 3a2d 

  0x000001b2bfa9bbe4: ; ImmutableOopMap {[120]=Oop [136]=Oop [128]=Oop rax=Oop [152]=Oop r8=Oop }
                      ;*invokevirtual getLocation {reexecute=0 rethrow=0 return_oop=0}
                      ; - java.lang.ClassLoader::defineClassSourceLocation@12 (line 916)
                      ; - java.lang.ClassLoader::defineClass@12 (line 1016)
                      ;   {runtime_call throw_null_pointer_exception Runtime1 stub}
  0x000001b2bfa9bbe4: 5107 e835 

  0x000001b2bfa9bbe8: ; ImmutableOopMap {[120]=Oop [136]=Oop [128]=Oop [152]=Oop rdx=Oop }
                      ;*invokevirtual toString {reexecute=0 rethrow=0 return_oop=0}
                      ; - java.lang.ClassLoader::defineClassSourceLocation@22 (line 917)
                      ; - java.lang.ClassLoader::defineClass@12 (line 1016)
                      ;   {metadata({method} {0x000001b2d6069960} 'toString' '()Ljava/lang/String;' in 'java/net/URL')}
  0x000001b2bfa9bbe8: 2d51 0749 | ba58 9906 | d6b2 0100 | 004c 8954 | 2408 48c7 | 0424 ffff 

  0x000001b2bfa9bc00: ;   {runtime_call counter_overflow Runtime1 stub}
  0x000001b2bfa9bc00: ffff e8f9 

  0x000001b2bfa9bc04: ; ImmutableOopMap {[120]=Oop [136]=Oop [128]=Oop [152]=Oop rdx=Oop }
                      ;*synchronization entry
                      ; - java.net.URL::toString@-1 (line 1025)
                      ; - java.lang.ClassLoader::defineClassSourceLocation@22 (line 917)
                      ; - java.lang.ClassLoader::defineClass@12 (line 1016)
  0x000001b2bfa9bc04: 7d51 07e9 | f3fd ffff 

  0x000001b2bfa9bc0c: ;   {metadata({method} {0x000001b2d606a1f8} 'toExternalForm' '()Ljava/lang/String;' in 'java/net/URL')}
  0x000001b2bfa9bc0c: 49ba f0a1 | 06d6 b201 | 0000 4c89 | 5424 0848 | c704 24ff 

  0x000001b2bfa9bc20: ;   {runtime_call counter_overflow Runtime1 stub}
  0x000001b2bfa9bc20: ffff ffe8 

  0x000001b2bfa9bc24: ; ImmutableOopMap {[120]=Oop [136]=Oop [128]=Oop [152]=Oop rdx=Oop }
                      ;*synchronization entry
                      ; - java.net.URL::toExternalForm@-1 (line 1039)
                      ; - java.net.URL::toString@1 (line 1025)
                      ; - java.lang.ClassLoader::defineClassSourceLocation@22 (line 917)
                      ; - java.lang.ClassLoader::defineClass@12 (line 1016)
  0x000001b2bfa9bc24: d87d 5107 | e911 feff 

  0x000001b2bfa9bc2c: ;   {runtime_call throw_null_pointer_exception Runtime1 stub}
  0x000001b2bfa9bc2c: ffe8 ee2c 

  0x000001b2bfa9bc30: ; ImmutableOopMap {[120]=Oop [136]=Oop [128]=Oop [152]=Oop rdx=Oop rsi=Oop }
                      ;*invokevirtual toExternalForm {reexecute=0 rethrow=0 return_oop=0}
                      ; - java.net.URL::toExternalForm@5 (line 1039)
                      ; - java.net.URL::toString@1 (line 1025)
                      ; - java.lang.ClassLoader::defineClassSourceLocation@22 (line 917)
                      ; - java.lang.ClassLoader::defineClass@12 (line 1016)
                      ;   {internal_word}
  0x000001b2bfa9bc30: 5107 49ba | 8cbb a9bf | b201 0000 | 4d89 9768 

  0x000001b2bfa9bc40: ;   {runtime_call SafepointBlob}
  0x000001b2bfa9bc40: 0300 00e9 | b8bd 4607 | 9090 498b | 87e0 0300 | 0049 c787 | e003 0000 | 0000 0000 | 49c7 87e8 
  0x000001b2bfa9bc60: 0300 0000 | 0000 0048 | 81c4 b000 

  0x000001b2bfa9bc6c: ;   {runtime_call unwind_exception Runtime1 stub}
  0x000001b2bfa9bc6c: 0000 5de9 | 8c1d 5107 | f4f4 f4f4 | f4f4 f4f4 | f4f4 f4f4 
[Stub Code]
  0x000001b2bfa9bc80: ;   {no_reloc}
  0x000001b2bfa9bc80: 0f1f 4400 

  0x000001b2bfa9bc84: ;   {static_stub}
  0x000001b2bfa9bc84: 0048 bb70 | 0e01 d6b2 

  0x000001b2bfa9bc8c: ;   {runtime_call I2C/C2I adapters}
  0x000001b2bfa9bc8c: 0100 00e9 | 4d1d 4607 

  0x000001b2bfa9bc94: ;   {static_stub}
  0x000001b2bfa9bc94: 9048 bb00 | 0000 0000 

  0x000001b2bfa9bc9c: ;   {runtime_call}
  0x000001b2bfa9bc9c: 0000 00e9 | fbff ffff 

  0x000001b2bfa9bca4: ;   {static_stub}
  0x000001b2bfa9bca4: 9048 bb00 | 0000 0000 

  0x000001b2bfa9bcac: ;   {runtime_call}
  0x000001b2bfa9bcac: 0000 00e9 | fbff ffff 

  0x000001b2bfa9bcb4: ;   {static_stub}
  0x000001b2bfa9bcb4: 9048 bb88 | 0f01 d6b2 

  0x000001b2bfa9bcbc: ;   {runtime_call I2C/C2I adapters}
  0x000001b2bfa9bcbc: 0100 00e9 | 1d1d 4607 
[Exception Handler]
  0x000001b2bfa9bcc4: ;   {runtime_call handle_exception_from_callee Runtime1 stub}
  0x000001b2bfa9bcc4: e837 4a51 

  0x000001b2bfa9bcc8: ;   {external_word}
  0x000001b2bfa9bcc8: 0748 b920 | 3ab6 dcfd | 7f00 0048 

  0x000001b2bfa9bcd4: ;   {runtime_call}
  0x000001b2bfa9bcd4: 83e4 f049 | ba50 c87e | dcfd 7f00 | 0041 ffd2 

  0x000001b2bfa9bce4: ;   {section_word}
  0x000001b2bfa9bce4: f449 bae5 | bca9 bfb2 | 0100 0041 

  0x000001b2bfa9bcf0: ;   {runtime_call DeoptimizationBlob}
  0x000001b2bfa9bcf0: 52e9 aaaf | 4607 f4f4 
[/MachCode]


Compiled method (c1)    7733  594       3       java.security.SecureClassLoader::defineClass (16 bytes)
 total in heap  [0x000001b2bfa75310,0x000001b2bfa75700] = 1008
 relocation     [0x000001b2bfa75468,0x000001b2bfa754b0] = 72
 main code      [0x000001b2bfa754c0,0x000001b2bfa75600] = 320
 stub code      [0x000001b2bfa75600,0x000001b2bfa75658] = 88
 metadata       [0x000001b2bfa75658,0x000001b2bfa75660] = 8
 scopes data    [0x000001b2bfa75660,0x000001b2bfa756a8] = 72
 scopes pcs     [0x000001b2bfa756a8,0x000001b2bfa756f8] = 80
 dependencies   [0x000001b2bfa756f8,0x000001b2bfa75700] = 8

[Constant Pool (empty)]

[MachCode]
[Entry Point]
  # {method} {0x000001b2d6434f48} 'defineClass' '(Ljava/lang/String;[BIILjava/security/CodeSource;)Ljava/lang/Class;' in 'java/security/SecureClassLoader'
  # this:     rdx:rdx   = 'java/security/SecureClassLoader'
  # parm0:    r8:r8     = 'java/lang/String'
  # parm1:    r9:r9     = '[B'
  # parm2:    rdi       = int
  # parm3:    rsi       = int
  # parm4:    rcx:rcx   = 'java/security/CodeSource'
  #           [sp+0x80]  (sp of caller)
  0x000001b2bfa754c0: 448b 5208 | 49bb 0000 | 00d6 b201 | 0000 4d03 | d34c 3bd0 

  0x000001b2bfa754d4: ;   {runtime_call ic_miss_stub}
  0x000001b2bfa754d4: 0f85 a6bb | 4807 660f | 1f44 0000 
[Verified Entry Point]
  0x000001b2bfa754e0: 8984 2400 | 90ff ff55 | 4883 ec70 

  0x000001b2bfa754ec: ;   {metadata(method data for {method} {0x000001b2d6434f48} 'defineClass' '(Ljava/lang/String;[BIILjava/security/CodeSource;)Ljava/lang/Class;' in 'java/security/SecureClassLoader')}
  0x000001b2bfa754ec: 48bb 30b0 | 0f17 b301 | 0000 8b83 | cc00 0000 | 83c0 0289 | 83cc 0000 | 0081 e0fe | 0700 0083 
  0x000001b2bfa7550c: f800 0f84 | 8b00 0000 | 8974 245c | 897c 2458 | 4c89 4c24 | 504c 8944 | 2448 488b 

  0x000001b2bfa75528: ;   {metadata(method data for {method} {0x000001b2d6434f48} 'defineClass' '(Ljava/lang/String;[BIILjava/security/CodeSource;)Ljava/lang/Class;' in 'java/security/SecureClassLoader')}
  0x000001b2bfa75528: da48 b830 | b00f 17b3 | 0100 0048 | 8380 1001 | 0000 014c | 8bc1 488b | c248 8bd0 | 4889 4424 
  0x000001b2bfa75548: 4066 0f1f 

  0x000001b2bfa7554c: ;   {optimized virtual_call}
  0x000001b2bfa7554c: 4400 00e8 

  0x000001b2bfa75550: ; ImmutableOopMap {[80]=Oop [64]=Oop [72]=Oop }
                      ;*invokevirtual getProtectionDomain {reexecute=0 rethrow=0 return_oop=0}
                      ; - java.security.SecureClassLoader::defineClass@9 (line 150)
  0x000001b2bfa75550: 4c58 0200 | 488b 5424 

  0x000001b2bfa75558: ;   {metadata(method data for {method} {0x000001b2d6434f48} 'defineClass' '(Ljava/lang/String;[BIILjava/security/CodeSource;)Ljava/lang/Class;' in 'java/security/SecureClassLoader')}
  0x000001b2bfa75558: 4049 b830 | b00f 17b3 | 0100 0049 | 8380 4801 | 0000 014c | 8b44 2448 | 4c8b 4c24 | 508b 7c24 
  0x000001b2bfa75578: 588b 7424 | 5c48 8bc8 | 488b 5424 

  0x000001b2bfa75584: ;   {optimized virtual_call}
  0x000001b2bfa75584: 4066 90e8 

  0x000001b2bfa75588: ; ImmutableOopMap {}
                      ;*invokevirtual defineClass {reexecute=0 rethrow=0 return_oop=0}
                      ; - java.security.SecureClassLoader::defineClass@12 (line 150)
  0x000001b2bfa75588: 9462 0200 | 4883 c470 

  0x000001b2bfa75590: ;   {poll_return}
  0x000001b2bfa75590: 5d49 3ba7 | 5003 0000 | 0f87 2200 

  0x000001b2bfa7559c: ;   {metadata({method} {0x000001b2d6434f48} 'defineClass' '(Ljava/lang/String;[BIILjava/security/CodeSource;)Ljava/lang/Class;' in 'java/security/SecureClassLoader')}
  0x000001b2bfa7559c: 0000 c349 | ba40 4f43 | d6b2 0100 | 004c 8954 | 2408 48c7 | 0424 ffff 

  0x000001b2bfa755b4: ;   {runtime_call counter_overflow Runtime1 stub}
  0x000001b2bfa755b4: ffff e845 

  0x000001b2bfa755b8: ; ImmutableOopMap {rdx=Oop r8=Oop r9=Oop rcx=Oop }
                      ;*synchronization entry
                      ; - java.security.SecureClassLoader::defineClass@-1 (line 150)
  0x000001b2bfa755b8: e453 07e9 | 54ff ffff 

  0x000001b2bfa755c0: ;   {internal_word}
  0x000001b2bfa755c0: 49ba 9155 | a7bf b201 | 0000 4d89 | 9768 0300 

  0x000001b2bfa755d0: ;   {runtime_call SafepointBlob}
  0x000001b2bfa755d0: 00e9 2a24 | 4907 9090 | 498b 87e0 | 0300 0049 | c787 e003 | 0000 0000 | 0000 49c7 | 87e8 0300 
  0x000001b2bfa755f0: 0000 0000 | 0048 83c4 

  0x000001b2bfa755f8: ;   {runtime_call unwind_exception Runtime1 stub}
  0x000001b2bfa755f8: 705d e901 | 8453 07f4 
[Stub Code]
  0x000001b2bfa75600: ;   {no_reloc}
  0x000001b2bfa75600: 0f1f 4400 

  0x000001b2bfa75604: ;   {static_stub}
  0x000001b2bfa75604: 0048 bbf0 | 4f43 d6b2 

  0x000001b2bfa7560c: ;   {runtime_call I2C/C2I adapters}
  0x000001b2bfa7560c: 0100 00e9 | 4910 4907 

  0x000001b2bfa75614: ;   {static_stub}
  0x000001b2bfa75614: 9048 bbb8 | 0c01 d6b2 

  0x000001b2bfa7561c: ;   {runtime_call I2C/C2I adapters}
  0x000001b2bfa7561c: 0100 00e9 | c720 4807 
[Exception Handler]
  0x000001b2bfa75624: ;   {runtime_call handle_exception_from_callee Runtime1 stub}
  0x000001b2bfa75624: e8d7 b053 

  0x000001b2bfa75628: ;   {external_word}
  0x000001b2bfa75628: 0748 b920 | 3ab6 dcfd | 7f00 0048 

  0x000001b2bfa75634: ;   {runtime_call}
  0x000001b2bfa75634: 83e4 f049 | ba50 c87e | dcfd 7f00 | 0041 ffd2 

  0x000001b2bfa75644: ;   {section_word}
  0x000001b2bfa75644: f449 ba45 | 56a7 bfb2 | 0100 0041 

  0x000001b2bfa75650: ;   {runtime_call DeoptimizationBlob}
  0x000001b2bfa75650: 52e9 4a16 | 4907 f4f4 
[/MachCode]


---------------  P R O C E S S  ---------------

Threads class SMR info:
_java_thread_list=0x000001b2d5b3f8e0, length=12, elements={
0x000001b2b7e40640, 0x000001b2d593fad0, 0x000001b2d5940950, 0x000001b2d5959560,
0x000001b2d595b290, 0x000001b2d595f070, 0x000001b2d595fa30, 0x000001b2d5960720,
0x000001b2d59cabf0, 0x000001b2d59cb200, 0x000001b2d5a1ca30, 0x000001b2d5a241e0
}

Java Threads: ( => current thread )
=>0x000001b2b7e40640 JavaThread "main" [_thread_in_vm, id=21208, stack(0x0000007879a00000,0x0000007879b00000)]
  0x000001b2d593fad0 JavaThread "Reference Handler" daemon [_thread_blocked, id=12924, stack(0x000000787a200000,0x000000787a300000)]
  0x000001b2d5940950 JavaThread "Finalizer" daemon [_thread_blocked, id=14224, stack(0x000000787a300000,0x000000787a400000)]
  0x000001b2d5959560 JavaThread "Signal Dispatcher" daemon [_thread_blocked, id=20632, stack(0x000000787a400000,0x000000787a500000)]
  0x000001b2d595b290 JavaThread "Attach Listener" daemon [_thread_blocked, id=6028, stack(0x000000787a500000,0x000000787a600000)]
  0x000001b2d595f070 JavaThread "Service Thread" daemon [_thread_blocked, id=18116, stack(0x000000787a600000,0x000000787a700000)]
  0x000001b2d595fa30 JavaThread "Monitor Deflation Thread" daemon [_thread_blocked, id=13640, stack(0x000000787a700000,0x000000787a800000)]
  0x000001b2d5960720 JavaThread "C2 CompilerThread0" daemon [_thread_blocked, id=9456, stack(0x000000787a800000,0x000000787a900000)]
  0x000001b2d59cabf0 JavaThread "C1 CompilerThread0" daemon [_thread_blocked, id=18564, stack(0x000000787a900000,0x000000787aa00000)]
  0x000001b2d59cb200 JavaThread "Sweeper thread" daemon [_thread_blocked, id=20408, stack(0x000000787aa00000,0x000000787ab00000)]
  0x000001b2d5a1ca30 JavaThread "Notification Thread" daemon [_thread_blocked, id=18912, stack(0x000000787ab00000,0x000000787ac00000)]
  0x000001b2d5a241e0 JavaThread "Common-Cleaner" daemon [_thread_blocked, id=18100, stack(0x000000787ad00000,0x000000787ae00000)]

Other Threads:
  0x000001b2d5938fd0 VMThread "VM Thread" [stack: 0x000000787a100000,0x000000787a200000] [id=3164]
  0x000001b2d5a1df20 WatcherThread [stack: 0x000000787ac00000,0x000000787ad00000] [id=15628]
  0x000001b2b7e99c80 GCTaskThread "GC Thread#0" [stack: 0x0000007879c00000,0x0000007879d00000] [id=21308]
  0x000001b31b0bf010 GCTaskThread "GC Thread#1" [stack: 0x000000787ae00000,0x000000787af00000] [id=10000]
  0x000001b31b0bf2d0 GCTaskThread "GC Thread#2" [stack: 0x000000787af00000,0x000000787b000000] [id=9576]
  0x000001b31b0d1310 GCTaskThread "GC Thread#3" [stack: 0x000000787b000000,0x000000787b100000] [id=5904]
  0x000001b2b7eaa850 ConcurrentGCThread "G1 Main Marker" [stack: 0x0000007879d00000,0x0000007879e00000] [id=19692]
  0x000001b2b7eab270 ConcurrentGCThread "G1 Conc#0" [stack: 0x0000007879e00000,0x0000007879f00000] [id=18980]
  0x000001b2b7efd750 ConcurrentGCThread "G1 Refine#0" [stack: 0x0000007879f00000,0x000000787a000000] [id=21496]
  0x000001b2b7efe180 ConcurrentGCThread "G1 Service" [stack: 0x000000787a000000,0x000000787a100000] [id=19984]

Threads with active compile tasks:

VM state: not at safepoint (normal execution)

VM Mutex/Monitor currently owned by a thread:  ([mutex/lock_event])
[0x000001b2b7e3bb80] Metaspace_lock - owner thread: 0x000001b2b7e40640

Heap address: 0x0000000081c00000, size: 2020 MB, Compressed Oops mode: 32-bit

CDS archive(s) mapped at: [0x000001b2d6000000-0x000001b2d6bb0000-0x000001b2d6bb0000), size 12255232, SharedBaseAddress: 0x000001b2d6000000, ArchiveRelocationMode: 1.
Compressed class space mapped at: 0x000001b2d7000000-0x000001b317000000, reserved size: 1073741824
Narrow klass base: 0x000001b2d6000000, Narrow klass shift: 0, Narrow klass range: 0x100000000

GC Precious Log:
 CPUs: 4 total, 4 available
 Memory: 8073M
 Large Page Support: Disabled
 NUMA Support: Disabled
 Compressed Oops: Enabled (32-bit)
 Heap Region Size: 1M
 Heap Min Capacity: 8M
 Heap Initial Capacity: 128M
 Heap Max Capacity: 2020M
 Pre-touch: Disabled
 Parallel Workers: 4
 Concurrent Workers: 1
 Concurrent Refinement Workers: 4
 Periodic GC: Disabled

Heap:
 garbage-first heap   total 131072K, used 23991K [0x0000000081c00000, 0x0000000100000000)
  region size 1024K, 20 young (20480K), 2 survivors (2048K)
 Metaspace       used 13545K, committed 13696K, reserved 1114112K
  class space    used 1500K, committed 1600K, reserved 1048576K

Heap Regions: E=young(eden), S=young(survivor), O=old, HS=humongous(starts), HC=humongous(continues), CS=collection set, F=free, OA=open archive, CA=closed archive, TAMS=top-at-mark-start (previous, next)
|   0|0x0000000081c00000, 0x0000000081d00000, 0x0000000081d00000|100%|HS|  |TAMS 0x0000000081c00000, 0x0000000081c00000| Complete 
|   1|0x0000000081d00000, 0x0000000081e00000, 0x0000000081e00000|100%|HC|  |TAMS 0x0000000081d00000, 0x0000000081d00000| Complete 
|   2|0x0000000081e00000, 0x0000000081f00000, 0x0000000081f00000|100%|HC|  |TAMS 0x0000000081e00000, 0x0000000081e00000| Complete 
|   3|0x0000000081f00000, 0x0000000082000000, 0x0000000082000000|100%| O|  |TAMS 0x0000000081f00000, 0x0000000081f00000| Untracked 
|   4|0x0000000082000000, 0x0000000082100000, 0x0000000082100000|100%| O|  |TAMS 0x0000000082000000, 0x0000000082000000| Untracked 
|   5|0x0000000082100000, 0x0000000082134400, 0x0000000082200000| 20%| O|  |TAMS 0x0000000082100000, 0x0000000082100000| Untracked 
|   6|0x0000000082200000, 0x0000000082200000, 0x0000000082300000|  0%| F|  |TAMS 0x0000000082200000, 0x0000000082200000| Untracked 
|   7|0x0000000082300000, 0x0000000082300000, 0x0000000082400000|  0%| F|  |TAMS 0x0000000082300000, 0x0000000082300000| Untracked 
|   8|0x0000000082400000, 0x0000000082400000, 0x0000000082500000|  0%| F|  |TAMS 0x0000000082400000, 0x0000000082400000| Untracked 
|   9|0x0000000082500000, 0x0000000082500000, 0x0000000082600000|  0%| F|  |TAMS 0x0000000082500000, 0x0000000082500000| Untracked 
|  10|0x0000000082600000, 0x0000000082600000, 0x0000000082700000|  0%| F|  |TAMS 0x0000000082600000, 0x0000000082600000| Untracked 
|  11|0x0000000082700000, 0x0000000082700000, 0x0000000082800000|  0%| F|  |TAMS 0x0000000082700000, 0x0000000082700000| Untracked 
|  12|0x0000000082800000, 0x0000000082800000, 0x0000000082900000|  0%| F|  |TAMS 0x0000000082800000, 0x0000000082800000| Untracked 
|  13|0x0000000082900000, 0x0000000082900000, 0x0000000082a00000|  0%| F|  |TAMS 0x0000000082900000, 0x0000000082900000| Untracked 
|  14|0x0000000082a00000, 0x0000000082a00000, 0x0000000082b00000|  0%| F|  |TAMS 0x0000000082a00000, 0x0000000082a00000| Untracked 
|  15|0x0000000082b00000, 0x0000000082b00000, 0x0000000082c00000|  0%| F|  |TAMS 0x0000000082b00000, 0x0000000082b00000| Untracked 
|  16|0x0000000082c00000, 0x0000000082c00000, 0x0000000082d00000|  0%| F|  |TAMS 0x0000000082c00000, 0x0000000082c00000| Untracked 
|  17|0x0000000082d00000, 0x0000000082d00000, 0x0000000082e00000|  0%| F|  |TAMS 0x0000000082d00000, 0x0000000082d00000| Untracked 
|  18|0x0000000082e00000, 0x0000000082e00000, 0x0000000082f00000|  0%| F|  |TAMS 0x0000000082e00000, 0x0000000082e00000| Untracked 
|  19|0x0000000082f00000, 0x0000000082f00000, 0x0000000083000000|  0%| F|  |TAMS 0x0000000082f00000, 0x0000000082f00000| Untracked 
|  20|0x0000000083000000, 0x0000000083000000, 0x0000000083100000|  0%| F|  |TAMS 0x0000000083000000, 0x0000000083000000| Untracked 
|  21|0x0000000083100000, 0x0000000083100000, 0x0000000083200000|  0%| F|  |TAMS 0x0000000083100000, 0x0000000083100000| Untracked 
|  22|0x0000000083200000, 0x0000000083200000, 0x0000000083300000|  0%| F|  |TAMS 0x0000000083200000, 0x0000000083200000| Untracked 
|  23|0x0000000083300000, 0x0000000083300000, 0x0000000083400000|  0%| F|  |TAMS 0x0000000083300000, 0x0000000083300000| Untracked 
|  24|0x0000000083400000, 0x0000000083400000, 0x0000000083500000|  0%| F|  |TAMS 0x0000000083400000, 0x0000000083400000| Untracked 
|  25|0x0000000083500000, 0x0000000083500000, 0x0000000083600000|  0%| F|  |TAMS 0x0000000083500000, 0x0000000083500000| Untracked 
|  26|0x0000000083600000, 0x0000000083600000, 0x0000000083700000|  0%| F|  |TAMS 0x0000000083600000, 0x0000000083600000| Untracked 
|  27|0x0000000083700000, 0x0000000083700000, 0x0000000083800000|  0%| F|  |TAMS 0x0000000083700000, 0x0000000083700000| Untracked 
|  28|0x0000000083800000, 0x0000000083800000, 0x0000000083900000|  0%| F|  |TAMS 0x0000000083800000, 0x0000000083800000| Untracked 
|  29|0x0000000083900000, 0x0000000083900000, 0x0000000083a00000|  0%| F|  |TAMS 0x0000000083900000, 0x0000000083900000| Untracked 
|  30|0x0000000083a00000, 0x0000000083a00000, 0x0000000083b00000|  0%| F|  |TAMS 0x0000000083a00000, 0x0000000083a00000| Untracked 
|  31|0x0000000083b00000, 0x0000000083b00000, 0x0000000083c00000|  0%| F|  |TAMS 0x0000000083b00000, 0x0000000083b00000| Untracked 
|  32|0x0000000083c00000, 0x0000000083c00000, 0x0000000083d00000|  0%| F|  |TAMS 0x0000000083c00000, 0x0000000083c00000| Untracked 
|  33|0x0000000083d00000, 0x0000000083d00000, 0x0000000083e00000|  0%| F|  |TAMS 0x0000000083d00000, 0x0000000083d00000| Untracked 
|  34|0x0000000083e00000, 0x0000000083e00000, 0x0000000083f00000|  0%| F|  |TAMS 0x0000000083e00000, 0x0000000083e00000| Untracked 
|  35|0x0000000083f00000, 0x0000000083f00000, 0x0000000084000000|  0%| F|  |TAMS 0x0000000083f00000, 0x0000000083f00000| Untracked 
|  36|0x0000000084000000, 0x0000000084000000, 0x0000000084100000|  0%| F|  |TAMS 0x0000000084000000, 0x0000000084000000| Untracked 
|  37|0x0000000084100000, 0x0000000084100000, 0x0000000084200000|  0%| F|  |TAMS 0x0000000084100000, 0x0000000084100000| Untracked 
|  38|0x0000000084200000, 0x0000000084200000, 0x0000000084300000|  0%| F|  |TAMS 0x0000000084200000, 0x0000000084200000| Untracked 
|  39|0x0000000084300000, 0x0000000084300000, 0x0000000084400000|  0%| F|  |TAMS 0x0000000084300000, 0x0000000084300000| Untracked 
|  40|0x0000000084400000, 0x0000000084400000, 0x0000000084500000|  0%| F|  |TAMS 0x0000000084400000, 0x0000000084400000| Untracked 
|  41|0x0000000084500000, 0x0000000084500000, 0x0000000084600000|  0%| F|  |TAMS 0x0000000084500000, 0x0000000084500000| Untracked 
|  42|0x0000000084600000, 0x0000000084600000, 0x0000000084700000|  0%| F|  |TAMS 0x0000000084600000, 0x0000000084600000| Untracked 
|  43|0x0000000084700000, 0x0000000084700000, 0x0000000084800000|  0%| F|  |TAMS 0x0000000084700000, 0x0000000084700000| Untracked 
|  44|0x0000000084800000, 0x0000000084800000, 0x0000000084900000|  0%| F|  |TAMS 0x0000000084800000, 0x0000000084800000| Untracked 
|  45|0x0000000084900000, 0x0000000084900000, 0x0000000084a00000|  0%| F|  |TAMS 0x0000000084900000, 0x0000000084900000| Untracked 
|  46|0x0000000084a00000, 0x0000000084a00000, 0x0000000084b00000|  0%| F|  |TAMS 0x0000000084a00000, 0x0000000084a00000| Untracked 
|  47|0x0000000084b00000, 0x0000000084b00000, 0x0000000084c00000|  0%| F|  |TAMS 0x0000000084b00000, 0x0000000084b00000| Untracked 
|  48|0x0000000084c00000, 0x0000000084c00000, 0x0000000084d00000|  0%| F|  |TAMS 0x0000000084c00000, 0x0000000084c00000| Untracked 
|  49|0x0000000084d00000, 0x0000000084d00000, 0x0000000084e00000|  0%| F|  |TAMS 0x0000000084d00000, 0x0000000084d00000| Untracked 
|  50|0x0000000084e00000, 0x0000000084e00000, 0x0000000084f00000|  0%| F|  |TAMS 0x0000000084e00000, 0x0000000084e00000| Untracked 
|  51|0x0000000084f00000, 0x0000000084f00000, 0x0000000085000000|  0%| F|  |TAMS 0x0000000084f00000, 0x0000000084f00000| Untracked 
|  52|0x0000000085000000, 0x0000000085000000, 0x0000000085100000|  0%| F|  |TAMS 0x0000000085000000, 0x0000000085000000| Untracked 
|  53|0x0000000085100000, 0x0000000085100000, 0x0000000085200000|  0%| F|  |TAMS 0x0000000085100000, 0x0000000085100000| Untracked 
|  54|0x0000000085200000, 0x0000000085200000, 0x0000000085300000|  0%| F|  |TAMS 0x0000000085200000, 0x0000000085200000| Untracked 
|  55|0x0000000085300000, 0x0000000085300000, 0x0000000085400000|  0%| F|  |TAMS 0x0000000085300000, 0x0000000085300000| Untracked 
|  56|0x0000000085400000, 0x0000000085400000, 0x0000000085500000|  0%| F|  |TAMS 0x0000000085400000, 0x0000000085400000| Untracked 
|  57|0x0000000085500000, 0x0000000085500000, 0x0000000085600000|  0%| F|  |TAMS 0x0000000085500000, 0x0000000085500000| Untracked 
|  58|0x0000000085600000, 0x0000000085600000, 0x0000000085700000|  0%| F|  |TAMS 0x0000000085600000, 0x0000000085600000| Untracked 
|  59|0x0000000085700000, 0x0000000085700000, 0x0000000085800000|  0%| F|  |TAMS 0x0000000085700000, 0x0000000085700000| Untracked 
|  60|0x0000000085800000, 0x0000000085800000, 0x0000000085900000|  0%| F|  |TAMS 0x0000000085800000, 0x0000000085800000| Untracked 
|  61|0x0000000085900000, 0x0000000085900000, 0x0000000085a00000|  0%| F|  |TAMS 0x0000000085900000, 0x0000000085900000| Untracked 
|  62|0x0000000085a00000, 0x0000000085a00000, 0x0000000085b00000|  0%| F|  |TAMS 0x0000000085a00000, 0x0000000085a00000| Untracked 
|  63|0x0000000085b00000, 0x0000000085b00000, 0x0000000085c00000|  0%| F|  |TAMS 0x0000000085b00000, 0x0000000085b00000| Untracked 
|  64|0x0000000085c00000, 0x0000000085c00000, 0x0000000085d00000|  0%| F|  |TAMS 0x0000000085c00000, 0x0000000085c00000| Untracked 
|  65|0x0000000085d00000, 0x0000000085d00000, 0x0000000085e00000|  0%| F|  |TAMS 0x0000000085d00000, 0x0000000085d00000| Untracked 
|  66|0x0000000085e00000, 0x0000000085e00000, 0x0000000085f00000|  0%| F|  |TAMS 0x0000000085e00000, 0x0000000085e00000| Untracked 
|  67|0x0000000085f00000, 0x0000000085f00000, 0x0000000086000000|  0%| F|  |TAMS 0x0000000085f00000, 0x0000000085f00000| Untracked 
|  68|0x0000000086000000, 0x0000000086000000, 0x0000000086100000|  0%| F|  |TAMS 0x0000000086000000, 0x0000000086000000| Untracked 
|  69|0x0000000086100000, 0x0000000086100000, 0x0000000086200000|  0%| F|  |TAMS 0x0000000086100000, 0x0000000086100000| Untracked 
|  70|0x0000000086200000, 0x0000000086200000, 0x0000000086300000|  0%| F|  |TAMS 0x0000000086200000, 0x0000000086200000| Untracked 
|  71|0x0000000086300000, 0x0000000086300000, 0x0000000086400000|  0%| F|  |TAMS 0x0000000086300000, 0x0000000086300000| Untracked 
|  72|0x0000000086400000, 0x0000000086400000, 0x0000000086500000|  0%| F|  |TAMS 0x0000000086400000, 0x0000000086400000| Untracked 
|  73|0x0000000086500000, 0x0000000086500000, 0x0000000086600000|  0%| F|  |TAMS 0x0000000086500000, 0x0000000086500000| Untracked 
|  74|0x0000000086600000, 0x0000000086600000, 0x0000000086700000|  0%| F|  |TAMS 0x0000000086600000, 0x0000000086600000| Untracked 
|  75|0x0000000086700000, 0x0000000086700000, 0x0000000086800000|  0%| F|  |TAMS 0x0000000086700000, 0x0000000086700000| Untracked 
|  76|0x0000000086800000, 0x0000000086800000, 0x0000000086900000|  0%| F|  |TAMS 0x0000000086800000, 0x0000000086800000| Untracked 
|  77|0x0000000086900000, 0x0000000086900000, 0x0000000086a00000|  0%| F|  |TAMS 0x0000000086900000, 0x0000000086900000| Untracked 
|  78|0x0000000086a00000, 0x0000000086a00000, 0x0000000086b00000|  0%| F|  |TAMS 0x0000000086a00000, 0x0000000086a00000| Untracked 
|  79|0x0000000086b00000, 0x0000000086b00000, 0x0000000086c00000|  0%| F|  |TAMS 0x0000000086b00000, 0x0000000086b00000| Untracked 
|  80|0x0000000086c00000, 0x0000000086c00000, 0x0000000086d00000|  0%| F|  |TAMS 0x0000000086c00000, 0x0000000086c00000| Untracked 
|  81|0x0000000086d00000, 0x0000000086d00000, 0x0000000086e00000|  0%| F|  |TAMS 0x0000000086d00000, 0x0000000086d00000| Untracked 
|  82|0x0000000086e00000, 0x0000000086e00000, 0x0000000086f00000|  0%| F|  |TAMS 0x0000000086e00000, 0x0000000086e00000| Untracked 
|  83|0x0000000086f00000, 0x0000000086f00000, 0x0000000087000000|  0%| F|  |TAMS 0x0000000086f00000, 0x0000000086f00000| Untracked 
|  84|0x0000000087000000, 0x0000000087000000, 0x0000000087100000|  0%| F|  |TAMS 0x0000000087000000, 0x0000000087000000| Untracked 
|  85|0x0000000087100000, 0x0000000087100000, 0x0000000087200000|  0%| F|  |TAMS 0x0000000087100000, 0x0000000087100000| Untracked 
|  86|0x0000000087200000, 0x0000000087200000, 0x0000000087300000|  0%| F|  |TAMS 0x0000000087200000, 0x0000000087200000| Untracked 
|  87|0x0000000087300000, 0x0000000087300000, 0x0000000087400000|  0%| F|  |TAMS 0x0000000087300000, 0x0000000087300000| Untracked 
|  88|0x0000000087400000, 0x0000000087400000, 0x0000000087500000|  0%| F|  |TAMS 0x0000000087400000, 0x0000000087400000| Untracked 
|  89|0x0000000087500000, 0x0000000087500000, 0x0000000087600000|  0%| F|  |TAMS 0x0000000087500000, 0x0000000087500000| Untracked 
|  90|0x0000000087600000, 0x0000000087600000, 0x0000000087700000|  0%| F|  |TAMS 0x0000000087600000, 0x0000000087600000| Untracked 
|  91|0x0000000087700000, 0x0000000087700000, 0x0000000087800000|  0%| F|  |TAMS 0x0000000087700000, 0x0000000087700000| Untracked 
|  92|0x0000000087800000, 0x0000000087800000, 0x0000000087900000|  0%| F|  |TAMS 0x0000000087800000, 0x0000000087800000| Untracked 
|  93|0x0000000087900000, 0x0000000087900000, 0x0000000087a00000|  0%| F|  |TAMS 0x0000000087900000, 0x0000000087900000| Untracked 
|  94|0x0000000087a00000, 0x0000000087a00000, 0x0000000087b00000|  0%| F|  |TAMS 0x0000000087a00000, 0x0000000087a00000| Untracked 
|  95|0x0000000087b00000, 0x0000000087b00000, 0x0000000087c00000|  0%| F|  |TAMS 0x0000000087b00000, 0x0000000087b00000| Untracked 
|  96|0x0000000087c00000, 0x0000000087c00000, 0x0000000087d00000|  0%| F|  |TAMS 0x0000000087c00000, 0x0000000087c00000| Untracked 
|  97|0x0000000087d00000, 0x0000000087d00000, 0x0000000087e00000|  0%| F|  |TAMS 0x0000000087d00000, 0x0000000087d00000| Untracked 
|  98|0x0000000087e00000, 0x0000000087e00000, 0x0000000087f00000|  0%| F|  |TAMS 0x0000000087e00000, 0x0000000087e00000| Untracked 
|  99|0x0000000087f00000, 0x0000000087f00000, 0x0000000088000000|  0%| F|  |TAMS 0x0000000087f00000, 0x0000000087f00000| Untracked 
| 100|0x0000000088000000, 0x0000000088000000, 0x0000000088100000|  0%| F|  |TAMS 0x0000000088000000, 0x0000000088000000| Untracked 
| 101|0x0000000088100000, 0x0000000088100000, 0x0000000088200000|  0%| F|  |TAMS 0x0000000088100000, 0x0000000088100000| Untracked 
| 102|0x0000000088200000, 0x0000000088200000, 0x0000000088300000|  0%| F|  |TAMS 0x0000000088200000, 0x0000000088200000| Untracked 
| 103|0x0000000088300000, 0x0000000088300000, 0x0000000088400000|  0%| F|  |TAMS 0x0000000088300000, 0x0000000088300000| Untracked 
| 104|0x0000000088400000, 0x0000000088400000, 0x0000000088500000|  0%| F|  |TAMS 0x0000000088400000, 0x0000000088400000| Untracked 
| 105|0x0000000088500000, 0x0000000088500000, 0x0000000088600000|  0%| F|  |TAMS 0x0000000088500000, 0x0000000088500000| Untracked 
| 106|0x0000000088600000, 0x0000000088600000, 0x0000000088700000|  0%| F|  |TAMS 0x0000000088600000, 0x0000000088600000| Untracked 
| 107|0x0000000088700000, 0x0000000088700000, 0x0000000088800000|  0%| F|  |TAMS 0x0000000088700000, 0x0000000088700000| Untracked 
| 108|0x0000000088800000, 0x00000000888398e8, 0x0000000088900000| 22%| S|CS|TAMS 0x0000000088800000, 0x0000000088800000| Complete 
| 109|0x0000000088900000, 0x0000000088a00000, 0x0000000088a00000|100%| S|CS|TAMS 0x0000000088900000, 0x0000000088900000| Complete 
| 110|0x0000000088a00000, 0x0000000088a80000, 0x0000000088b00000| 50%| E|  |TAMS 0x0000000088a00000, 0x0000000088a00000| Complete 
| 111|0x0000000088b00000, 0x0000000088c00000, 0x0000000088c00000|100%| E|CS|TAMS 0x0000000088b00000, 0x0000000088b00000| Complete 
| 112|0x0000000088c00000, 0x0000000088d00000, 0x0000000088d00000|100%| E|CS|TAMS 0x0000000088c00000, 0x0000000088c00000| Complete 
| 113|0x0000000088d00000, 0x0000000088e00000, 0x0000000088e00000|100%| E|CS|TAMS 0x0000000088d00000, 0x0000000088d00000| Complete 
| 114|0x0000000088e00000, 0x0000000088f00000, 0x0000000088f00000|100%| E|CS|TAMS 0x0000000088e00000, 0x0000000088e00000| Complete 
| 115|0x0000000088f00000, 0x0000000089000000, 0x0000000089000000|100%| E|CS|TAMS 0x0000000088f00000, 0x0000000088f00000| Complete 
| 116|0x0000000089000000, 0x0000000089100000, 0x0000000089100000|100%| E|CS|TAMS 0x0000000089000000, 0x0000000089000000| Complete 
| 117|0x0000000089100000, 0x0000000089200000, 0x0000000089200000|100%| E|CS|TAMS 0x0000000089100000, 0x0000000089100000| Complete 
| 118|0x0000000089200000, 0x0000000089300000, 0x0000000089300000|100%| E|CS|TAMS 0x0000000089200000, 0x0000000089200000| Complete 
| 119|0x0000000089300000, 0x0000000089400000, 0x0000000089400000|100%| E|CS|TAMS 0x0000000089300000, 0x0000000089300000| Complete 
| 120|0x0000000089400000, 0x0000000089500000, 0x0000000089500000|100%| E|CS|TAMS 0x0000000089400000, 0x0000000089400000| Complete 
| 121|0x0000000089500000, 0x0000000089600000, 0x0000000089600000|100%| E|CS|TAMS 0x0000000089500000, 0x0000000089500000| Complete 
| 122|0x0000000089600000, 0x0000000089700000, 0x0000000089700000|100%| E|CS|TAMS 0x0000000089600000, 0x0000000089600000| Complete 
| 123|0x0000000089700000, 0x0000000089800000, 0x0000000089800000|100%| E|CS|TAMS 0x0000000089700000, 0x0000000089700000| Complete 
| 124|0x0000000089800000, 0x0000000089900000, 0x0000000089900000|100%| E|CS|TAMS 0x0000000089800000, 0x0000000089800000| Complete 
| 125|0x0000000089900000, 0x0000000089a00000, 0x0000000089a00000|100%| E|CS|TAMS 0x0000000089900000, 0x0000000089900000| Complete 
| 126|0x0000000089a00000, 0x0000000089b00000, 0x0000000089b00000|100%| E|CS|TAMS 0x0000000089a00000, 0x0000000089a00000| Complete 
| 127|0x0000000089b00000, 0x0000000089c00000, 0x0000000089c00000|100%| E|CS|TAMS 0x0000000089b00000, 0x0000000089b00000| Complete 

Card table byte_map: [0x000001b2ced80000,0x000001b2cf180000] _byte_map_base: 0x000001b2ce972000

Marking Bits (Prev, Next): (CMBitMap*) 0x000001b2b7e9a2a0, (CMBitMap*) 0x000001b2b7e9a2e0
 Prev Bits: [0x000001b2cf580000, 0x000001b2d1510000)
 Next Bits: [0x000001b2d1510000, 0x000001b2d34a0000)

Polling page: 0x000001b2b5df0000

Metaspace:

Usage:
  Non-class:     11.76 MB used.
      Class:      1.47 MB used.
       Both:     13.23 MB used.

Virtual space:
  Non-class space:       64.00 MB reserved,      11.81 MB ( 18%) committed,  1 nodes.
      Class space:        1.00 GB reserved,       1.56 MB ( <1%) committed,  1 nodes.
             Both:        1.06 GB reserved,      13.38 MB (  1%) committed. 

Chunk freelists:
   Non-Class:  1.80 MB
       Class:  14.39 MB
        Both:  16.19 MB

MaxMetaspaceSize: unlimited
CompressedClassSpaceSize: 1.00 GB
Initial GC threshold: 21.00 MB
Current GC threshold: 21.00 MB
CDS: on
MetaspaceReclaimPolicy: balanced
 - commit_granule_bytes: 65536.
 - commit_granule_words: 8192.
 - virtual_space_node_default_size: 8388608.
 - enlarge_chunks_in_place: 1.
 - new_chunks_are_fully_committed: 0.
 - uncommit_free_chunks: 1.
 - use_allocation_guard: 0.
 - handle_deallocations: 1.


Internal statistics:

num_allocs_failed_limit: 0.
num_arena_births: 118.
num_arena_deaths: 0.
num_vsnodes_births: 2.
num_vsnodes_deaths: 0.
num_space_committed: 214.
num_space_uncommitted: 0.
num_chunks_returned_to_freelist: 0.
num_chunks_taken_from_freelist: 579.
num_chunk_merges: 0.
num_chunk_splits: 447.
num_chunks_enlarged: 389.
num_inconsistent_stats: 0.

CodeHeap 'non-profiled nmethods': size=120000Kb used=327Kb max_used=327Kb free=119672Kb
 bounds [0x000001b2c7450000, 0x000001b2c76c0000, 0x000001b2ce980000]
CodeHeap 'profiled nmethods': size=120000Kb used=1627Kb max_used=1627Kb free=118372Kb
 bounds [0x000001b2bf980000, 0x000001b2bfbf0000, 0x000001b2c6eb0000]
CodeHeap 'non-nmethods': size=5760Kb used=1178Kb max_used=1195Kb free=4581Kb
 bounds [0x000001b2c6eb0000, 0x000001b2c7120000, 0x000001b2c7450000]
 total_blobs=1463 nmethods=986 adapters=390
 compilation: enabled
              stopped_count=0, restarted_count=0
 full_count=0

Compilation events (20 events):
Event: 7.046 Thread 0x000001b2d59cabf0 nmethod 977 0x000001b2bfb11f10 code [0x000001b2bfb120a0, 0x000001b2bfb12218]
Event: 7.055 Thread 0x000001b2d59cabf0  978       3       sun.invoke.util.Wrapper::isSubwordOrInt (20 bytes)
Event: 7.056 Thread 0x000001b2d59cabf0 nmethod 978 0x000001b2bfb12310 code [0x000001b2bfb124c0, 0x000001b2bfb128b8]
Event: 7.056 Thread 0x000001b2d59cabf0  979       3       sun.invoke.util.Wrapper::isIntegral (23 bytes)
Event: 7.056 Thread 0x000001b2d59cabf0 nmethod 979 0x000001b2bfb12990 code [0x000001b2bfb12b40, 0x000001b2bfb12d98]
Event: 7.382 Thread 0x000001b2d5960720  980       4       java.util.zip.ZipFile::ensureOpen (40 bytes)
Event: 7.383 Thread 0x000001b2d5960720 nmethod 980 0x000001b2c74a0a10 code [0x000001b2c74a0b80, 0x000001b2c74a0c38]
Event: 7.385 Thread 0x000001b2d59cabf0  981       3       java.lang.StringUTF16::compress (50 bytes)
Event: 7.385 Thread 0x000001b2d59cabf0 nmethod 981 0x000001b2bfb12e90 code [0x000001b2bfb13040, 0x000001b2bfb13278]
Event: 7.385 Thread 0x000001b2d59cabf0  982       3       kotlin.text.CharsKt__CharJVMKt::isWhitespace (20 bytes)
Event: 7.385 Thread 0x000001b2d59cabf0 nmethod 982 0x000001b2bfb13410 code [0x000001b2bfb13620, 0x000001b2bfb13bb8]
Event: 7.385 Thread 0x000001b2d59cabf0  983       1       org.jetbrains.kotlin.com.fasterxml.aalto.in.PName::getLocalName (5 bytes)
Event: 7.385 Thread 0x000001b2d59cabf0 nmethod 983 0x000001b2c74a0d10 code [0x000001b2c74a0ea0, 0x000001b2c74a0f78]
Event: 7.472 Thread 0x000001b2d59cabf0  984       3       java.lang.invoke.MemberName::isCallerSensitive (8 bytes)
Event: 7.473 Thread 0x000001b2d59cabf0 nmethod 984 0x000001b2bfb13d90 code [0x000001b2bfb13f40, 0x000001b2bfb14178]
Event: 7.479 Thread 0x000001b2d5960720  985       4       jdk.internal.org.objectweb.asm.ClassReader::readUnsignedShort (26 bytes)
Event: 7.480 Thread 0x000001b2d5960720 nmethod 985 0x000001b2c74a1010 code [0x000001b2c74a1180, 0x000001b2c74a1258]
Event: 7.482 Thread 0x000001b2d59cabf0  986       3       java.lang.invoke.MemberName::checkForTypeAlias (172 bytes)
Event: 7.485 Thread 0x000001b2d59cabf0 nmethod 986 0x000001b2bfb14290 code [0x000001b2bfb14700, 0x000001b2bfb16538]
Event: 7.485 Thread 0x000001b2d5960720  987       4       java.lang.String::replace (42 bytes)

GC Heap History (4 events):
Event: 3.020 GC heap before
{Heap before GC invocations=0 (full 0):
 garbage-first heap   total 131072K, used 16384K [0x0000000081c00000, 0x0000000100000000)
  region size 1024K, 13 young (13312K), 0 survivors (0K)
 Metaspace       used 4328K, committed 4544K, reserved 1114112K
  class space    used 348K, committed 448K, reserved 1048576K
}
Event: 3.439 GC heap after
{Heap after GC invocations=1 (full 0):
 garbage-first heap   total 131072K, used 5327K [0x0000000081c00000, 0x0000000100000000)
  region size 1024K, 2 young (2048K), 2 survivors (2048K)
 Metaspace       used 4328K, committed 4544K, reserved 1114112K
  class space    used 348K, committed 448K, reserved 1048576K
}
Event: 5.069 GC heap before
{Heap before GC invocations=1 (full 0):
 garbage-first heap   total 131072K, used 20687K [0x0000000081c00000, 0x0000000100000000)
  region size 1024K, 18 young (18432K), 2 survivors (2048K)
 Metaspace       used 8287K, committed 8448K, reserved 1114112K
  class space    used 869K, committed 960K, reserved 1048576K
}
Event: 5.074 GC heap after
{Heap after GC invocations=2 (full 0):
 garbage-first heap   total 131072K, used 6583K [0x0000000081c00000, 0x0000000100000000)
  region size 1024K, 2 young (2048K), 2 survivors (2048K)
 Metaspace       used 8287K, committed 8448K, reserved 1114112K
  class space    used 869K, committed 960K, reserved 1048576K
}

Dll operation events (6 events):
Event: 0.074 Loaded shared library C:\Program Files\Microsoft\jdk-17.0.13.11-hotspot\bin\java.dll
Event: 0.235 Loaded shared library C:\Program Files\Microsoft\jdk-17.0.13.11-hotspot\bin\jsvml.dll
Event: 1.036 Loaded shared library C:\Program Files\Microsoft\jdk-17.0.13.11-hotspot\bin\net.dll
Event: 1.039 Loaded shared library C:\Program Files\Microsoft\jdk-17.0.13.11-hotspot\bin\nio.dll
Event: 1.131 Loaded shared library C:\Program Files\Microsoft\jdk-17.0.13.11-hotspot\bin\zip.dll
Event: 1.223 Loaded shared library C:\Program Files\Microsoft\jdk-17.0.13.11-hotspot\bin\jimage.dll

Deoptimization events (20 events):
Event: 5.421 Thread 0x000001b2b7e40640 DEOPT PACKING pc=0x000001b2c748e348 sp=0x0000007879afc4c0
Event: 5.421 Thread 0x000001b2b7e40640 DEOPT UNPACKING pc=0x000001b2c6f069a3 sp=0x0000007879afc448 mode 2
Event: 5.421 Thread 0x000001b2b7e40640 Uncommon trap: trap_request=0xffffffde fr.pc=0x000001b2c748e348 relative=0x0000000000000128
Event: 5.421 Thread 0x000001b2b7e40640 Uncommon trap: reason=class_check action=maybe_recompile pc=0x000001b2c748e348 method=jdk.internal.misc.Unsafe.allocateUninitializedArray(Ljava/lang/Class;I)Ljava/lang/Object; @ 51 c2
Event: 5.421 Thread 0x000001b2b7e40640 DEOPT PACKING pc=0x000001b2c748e348 sp=0x0000007879afc0d0
Event: 5.422 Thread 0x000001b2b7e40640 DEOPT UNPACKING pc=0x000001b2c6f069a3 sp=0x0000007879afc058 mode 2
Event: 5.422 Thread 0x000001b2b7e40640 Uncommon trap: trap_request=0xffffffde fr.pc=0x000001b2c748e348 relative=0x0000000000000128
Event: 5.422 Thread 0x000001b2b7e40640 Uncommon trap: reason=class_check action=maybe_recompile pc=0x000001b2c748e348 method=jdk.internal.misc.Unsafe.allocateUninitializedArray(Ljava/lang/Class;I)Ljava/lang/Object; @ 51 c2
Event: 5.422 Thread 0x000001b2b7e40640 DEOPT PACKING pc=0x000001b2c748e348 sp=0x0000007879afc0a0
Event: 5.422 Thread 0x000001b2b7e40640 DEOPT UNPACKING pc=0x000001b2c6f069a3 sp=0x0000007879afc028 mode 2
Event: 5.557 Thread 0x000001b2b7e40640 DEOPT PACKING pc=0x000001b2bf9c5ae0 sp=0x0000007879afd160
Event: 5.557 Thread 0x000001b2b7e40640 DEOPT UNPACKING pc=0x000001b2c6f07143 sp=0x0000007879afc678 mode 0
Event: 6.936 Thread 0x000001b2b7e40640 Uncommon trap: trap_request=0xffffffde fr.pc=0x000001b2c748c98c relative=0x000000000000044c
Event: 6.936 Thread 0x000001b2b7e40640 Uncommon trap: reason=class_check action=maybe_recompile pc=0x000001b2c748c98c method=java.util.HashMap.getNode(Ljava/lang/Object;)Ljava/util/HashMap$Node; @ 63 c2
Event: 6.936 Thread 0x000001b2b7e40640 DEOPT PACKING pc=0x000001b2c748c98c sp=0x0000007879afe510
Event: 6.936 Thread 0x000001b2b7e40640 DEOPT UNPACKING pc=0x000001b2c6f069a3 sp=0x0000007879afe488 mode 2
Event: 7.194 Thread 0x000001b2b7e40640 Uncommon trap: trap_request=0xffffffde fr.pc=0x000001b2c748c98c relative=0x000000000000044c
Event: 7.194 Thread 0x000001b2b7e40640 Uncommon trap: reason=class_check action=maybe_recompile pc=0x000001b2c748c98c method=java.util.HashMap.getNode(Ljava/lang/Object;)Ljava/util/HashMap$Node; @ 63 c2
Event: 7.194 Thread 0x000001b2b7e40640 DEOPT PACKING pc=0x000001b2c748c98c sp=0x0000007879afdec0
Event: 7.194 Thread 0x000001b2b7e40640 DEOPT UNPACKING pc=0x000001b2c6f069a3 sp=0x0000007879afde38 mode 2

Classes loaded (20 events):
Event: 7.209 Loading class javax/xml/stream/XMLStreamException
Event: 7.209 Loading class javax/xml/stream/XMLStreamException done
Event: 7.231 Loading class java/text/ParseException
Event: 7.231 Loading class java/text/ParseException done
Event: 7.249 Loading class javax/xml/stream/Location
Event: 7.249 Loading class javax/xml/stream/Location done
Event: 7.249 Loading class java/io/CharConversionException
Event: 7.249 Loading class java/io/CharConversionException done
Event: 7.249 Loading class java/io/UnsupportedEncodingException
Event: 7.249 Loading class java/io/UnsupportedEncodingException done
Event: 7.252 Loading class javax/xml/namespace/NamespaceContext
Event: 7.320 Loading class javax/xml/namespace/NamespaceContext done
Event: 7.322 Loading class javax/xml/stream/XMLStreamConstants
Event: 7.322 Loading class javax/xml/stream/XMLStreamConstants done
Event: 7.359 Loading class javax/xml/stream/XMLStreamReader
Event: 7.359 Loading class javax/xml/stream/XMLStreamReader done
Event: 7.482 Loading class javax/swing/Icon
Event: 7.482 Loading class javax/swing/Icon done
Event: 7.482 Loading class sun/invoke/util/VerifyAccess$1
Event: 7.482 Loading class sun/invoke/util/VerifyAccess$1 done

Classes unloaded (0 events):
No events

Classes redefined (0 events):
No events

Internal exceptions (20 events):
Event: 5.694 Thread 0x000001b2b7e40640 Exception <a 'java/lang/NoSuchMethodError'{0x000000008968f098}: 'long java.lang.invoke.DirectMethodHandle$Holder.invokeStaticInit(java.lang.Object)'> (0x000000008968f098) 
thrown [s\src\hotspot\share\interpreter\linkResolver.cpp, line 759]
Event: 5.773 Thread 0x000001b2b7e40640 Exception <a 'java/lang/NoSuchMethodError'{0x0000000089539d30}: 'int java.lang.invoke.DirectMethodHandle$Holder.invokeStaticInit(java.lang.Object, java.lang.Object, java.lang.Object, java.lang.Object)'> (0x0000000089539d30) 
thrown [s\src\hotspot\share\interpreter\linkResolver.cpp, line 759]
Event: 6.139 Thread 0x000001b2b7e40640 Exception <a 'java/lang/NoSuchMethodError'{0x00000000893885b0}: 'void java.lang.invoke.DirectMethodHandle$Holder.invokeStaticInit(java.lang.Object)'> (0x00000000893885b0) 
thrown [s\src\hotspot\share\interpreter\linkResolver.cpp, line 759]
Event: 6.186 Thread 0x000001b2b7e40640 Exception <a 'java/lang/NoSuchMethodError'{0x00000000893d05e0}: 'void java.lang.invoke.DelegatingMethodHandle$Holder.reinvoke_L(java.lang.Object, java.lang.Object, java.lang.Object, long, java.lang.Object)'> (0x00000000893d05e0) 
thrown [s\src\hotspot\share\interpreter\linkResolver.cpp, line 759]
Event: 6.191 Thread 0x000001b2b7e40640 Exception <a 'java/lang/NoSuchMethodError'{0x00000000893d8df8}: 'java.lang.Object java.lang.invoke.DirectMethodHandle$Holder.invokeSpecial(java.lang.Object, java.lang.Object, java.lang.Object, java.lang.Object, long)'> (0x00000000893d8df8) 
thrown [s\src\hotspot\share\interpreter\linkResolver.cpp, line 759]
Event: 6.215 Thread 0x000001b2b7e40640 Exception <a 'java/lang/NoSuchMethodError'{0x00000000893e81e0}: 'int java.lang.invoke.DelegatingMethodHandle$Holder.reinvoke_L(java.lang.Object, java.lang.Object, java.lang.Object, long, java.lang.Object, java.lang.Object)'> (0x00000000893e81e0) 
thrown [s\src\hotspot\share\interpreter\linkResolver.cpp, line 759]
Event: 6.221 Thread 0x000001b2b7e40640 Exception <a 'java/lang/NoSuchMethodError'{0x00000000893f6d98}: 'int java.lang.invoke.DelegatingMethodHandle$Holder.reinvoke_L(java.lang.Object, java.lang.Object, java.lang.Object, long, int, int)'> (0x00000000893f6d98) 
thrown [s\src\hotspot\share\interpreter\linkResolver.cpp, line 759]
Event: 6.229 Thread 0x000001b2b7e40640 Exception <a 'java/lang/NoSuchMethodError'{0x0000000089205b00}: 'int java.lang.invoke.DelegatingMethodHandle$Holder.reinvoke_L(java.lang.Object, java.lang.Object, java.lang.Object, long, long, long)'> (0x0000000089205b00) 
thrown [s\src\hotspot\share\interpreter\linkResolver.cpp, line 759]
Event: 6.234 Thread 0x000001b2b7e40640 Exception <a 'java/lang/NoSuchMethodError'{0x0000000089214148}: 'int java.lang.invoke.DelegatingMethodHandle$Holder.reinvoke_L(java.lang.Object, java.lang.Object, java.lang.Object, long, int)'> (0x0000000089214148) 
thrown [s\src\hotspot\share\interpreter\linkResolver.cpp, line 759]
Event: 6.236 Thread 0x000001b2b7e40640 Exception <a 'java/lang/NoSuchMethodError'{0x0000000089222b10}: 'int java.lang.invoke.DirectMethodHandle$Holder.invokeSpecial(java.lang.Object, java.lang.Object, java.lang.Object)'> (0x0000000089222b10) 
thrown [s\src\hotspot\share\interpreter\linkResolver.cpp, line 759]
Event: 6.237 Thread 0x000001b2b7e40640 Exception <a 'java/lang/NoSuchMethodError'{0x0000000089226948}: 'int java.lang.invoke.DirectMethodHandle$Holder.invokeSpecial(java.lang.Object, java.lang.Object, java.lang.Object, java.lang.Object)'> (0x0000000089226948) 
thrown [s\src\hotspot\share\interpreter\linkResolver.cpp, line 759]
Event: 6.239 Thread 0x000001b2b7e40640 Exception <a 'java/lang/NoSuchMethodError'{0x00000000892358e8}: 'void java.lang.invoke.DelegatingMethodHandle$Holder.reinvoke_L(java.lang.Object, java.lang.Object, java.lang.Object, long, java.lang.Object, long, long)'> (0x00000000892358e8) 
thrown [s\src\hotspot\share\interpreter\linkResolver.cpp, line 759]
Event: 6.240 Thread 0x000001b2b7e40640 Exception <a 'java/lang/NoSuchMethodError'{0x000000008923cb88}: 'long java.lang.invoke.Invokers$Holder.invokeExact_MT(java.lang.Object, java.lang.Object, java.lang.Object)'> (0x000000008923cb88) 
thrown [s\src\hotspot\share\interpreter\linkResolver.cpp, line 759]
Event: 6.241 Thread 0x000001b2b7e40640 Exception <a 'java/lang/NoSuchMethodError'{0x0000000089241088}: 'int java.lang.invoke.Invokers$Holder.invokeExact_MT(java.lang.Object, java.lang.Object, java.lang.Object)'> (0x0000000089241088) 
thrown [s\src\hotspot\share\interpreter\linkResolver.cpp, line 759]
Event: 6.335 Thread 0x000001b2b7e40640 Exception <a 'java/lang/NoSuchMethodError'{0x000000008912a9d0}: 'int java.lang.invoke.DirectMethodHandle$Holder.invokeStaticInit(java.lang.Object, java.lang.Object, java.lang.Object)'> (0x000000008912a9d0) 
thrown [s\src\hotspot\share\interpreter\linkResolver.cpp, line 759]
Event: 6.395 Thread 0x000001b2b7e40640 Exception <a 'java/lang/NoSuchMethodError'{0x000000008915ab60}: 'int java.lang.invoke.DirectMethodHandle$Holder.invokeStaticInit(java.lang.Object, java.lang.Object)'> (0x000000008915ab60) 
thrown [s\src\hotspot\share\interpreter\linkResolver.cpp, line 759]
Event: 6.426 Thread 0x000001b2b7e40640 Exception <a 'java/lang/NoSuchMethodError'{0x0000000089021160}: 'int java.lang.invoke.DirectMethodHandle$Holder.invokeStatic(java.lang.Object)'> (0x0000000089021160) 
thrown [s\src\hotspot\share\interpreter\linkResolver.cpp, line 759]
Event: 6.427 Thread 0x000001b2b7e40640 Exception <a 'java/lang/NoSuchMethodError'{0x0000000089024808}: 'int java.lang.invoke.DirectMethodHandle$Holder.invokeStaticInit(java.lang.Object)'> (0x0000000089024808) 
thrown [s\src\hotspot\share\interpreter\linkResolver.cpp, line 759]
Event: 6.542 Thread 0x000001b2b7e40640 Exception <a 'java/lang/NoSuchMethodError'{0x000000008907d710}: 'void java.lang.invoke.DirectMethodHandle$Holder.invokeSpecial(java.lang.Object, java.lang.Object, java.lang.Object)'> (0x000000008907d710) 
thrown [s\src\hotspot\share\interpreter\linkResolver.cpp, line 759]
Event: 7.478 Thread 0x000001b2b7e40640 Exception <a 'java/lang/NoSuchMethodError'{0x0000000088b97290}: 'void java.lang.invoke.DirectMethodHandle$Holder.invokeStatic(java.lang.Object, java.lang.Object, java.lang.Object, java.lang.Object)'> (0x0000000088b97290) 
thrown [s\src\hotspot\share\interpreter\linkResolver.cpp, line 759]

VM Operations (18 events):
Event: 1.299 Executing VM operation: Cleanup
Event: 1.299 Executing VM operation: Cleanup done
Event: 2.309 Executing VM operation: Cleanup
Event: 2.309 Executing VM operation: Cleanup done
Event: 2.763 Executing VM operation: HandshakeAllThreads
Event: 2.763 Executing VM operation: HandshakeAllThreads done
Event: 3.020 Executing VM operation: G1CollectForAllocation
Event: 3.439 Executing VM operation: G1CollectForAllocation done
Event: 3.799 Executing VM operation: HandshakeAllThreads
Event: 3.799 Executing VM operation: HandshakeAllThreads done
Event: 4.810 Executing VM operation: Cleanup
Event: 4.811 Executing VM operation: Cleanup done
Event: 5.069 Executing VM operation: G1CollectForAllocation
Event: 5.074 Executing VM operation: G1CollectForAllocation done
Event: 6.087 Executing VM operation: Cleanup
Event: 6.103 Executing VM operation: Cleanup done
Event: 7.111 Executing VM operation: Cleanup
Event: 7.111 Executing VM operation: Cleanup done

Memory protections (0 events):
No events

Nmethod flushes (0 events):
No events

Events (14 events):
Event: 0.236 Thread 0x000001b2b7e40640 Thread added: 0x000001b2b7e40640
Event: 0.298 Thread 0x000001b2b7e40640 Thread added: 0x000001b2d593fad0
Event: 0.298 Thread 0x000001b2b7e40640 Thread added: 0x000001b2d5940950
Event: 0.383 Thread 0x000001b2b7e40640 Thread added: 0x000001b2d5959560
Event: 0.390 Thread 0x000001b2b7e40640 Thread added: 0x000001b2d595b290
Event: 0.400 Thread 0x000001b2b7e40640 Thread added: 0x000001b2d595f070
Event: 0.400 Thread 0x000001b2b7e40640 Thread added: 0x000001b2d595fa30
Event: 0.401 Thread 0x000001b2b7e40640 Thread added: 0x000001b2d5960720
Event: 0.474 Thread 0x000001b2b7e40640 Thread added: 0x000001b2d59cabf0
Event: 0.597 Thread 0x000001b2b7e40640 Thread added: 0x000001b2d59cb200
Event: 0.755 Thread 0x000001b2b7e40640 Thread added: 0x000001b2d5a1ca30
Event: 0.759 Thread 0x000001b2b7e40640 Thread added: 0x000001b2d5a241e0
Event: 1.080 Thread 0x000001b2d5960720 Thread added: 0x000001b2d5af7640
Event: 1.538 Thread 0x000001b2d5af7640 Thread exited: 0x000001b2d5af7640


Dynamic libraries:
0x00007ff7c7970000 - 0x00007ff7c797e000 	C:\Program Files\Microsoft\jdk-17.0.13.11-hotspot\bin\java.exe
0x00007ffe62670000 - 0x00007ffe62868000 	C:\Windows\SYSTEM32\ntdll.dll
0x00007ffe61f90000 - 0x00007ffe62052000 	C:\Windows\System32\KERNEL32.DLL
0x00007ffe5ffc0000 - 0x00007ffe602bf000 	C:\Windows\System32\KERNELBASE.dll
0x00007ffe60580000 - 0x00007ffe60680000 	C:\Windows\System32\ucrtbase.dll
0x00007ffe5a130000 - 0x00007ffe5a147000 	C:\Program Files\Microsoft\jdk-17.0.13.11-hotspot\bin\jli.dll
0x00007ffe62320000 - 0x00007ffe624bd000 	C:\Windows\System32\USER32.dll
0x00007ffe5fde0000 - 0x00007ffe5fe02000 	C:\Windows\System32\win32u.dll
0x00007ffe60f80000 - 0x00007ffe60fab000 	C:\Windows\System32\GDI32.dll
0x00007ffe60330000 - 0x00007ffe60447000 	C:\Windows\System32\gdi32full.dll
0x00007ffe604e0000 - 0x00007ffe6057d000 	C:\Windows\System32\msvcp_win.dll
0x00007ffe5a110000 - 0x00007ffe5a12d000 	C:\Program Files\Microsoft\jdk-17.0.13.11-hotspot\bin\VCRUNTIME140.dll
0x00007ffe4d190000 - 0x00007ffe4d42a000 	C:\Windows\WinSxS\amd64_microsoft.windows.common-controls_6595b64144ccf1df_6.0.19041.4355_none_60b8b9eb71f62e16\COMCTL32.dll
0x00007ffe61a70000 - 0x00007ffe61b0e000 	C:\Windows\System32\msvcrt.dll
0x00007ffe625f0000 - 0x00007ffe6261f000 	C:\Windows\System32\IMM32.DLL
0x00007ffe5a100000 - 0x00007ffe5a10c000 	C:\Program Files\Microsoft\jdk-17.0.13.11-hotspot\bin\vcruntime140_1.dll
0x00007ffdfbae0000 - 0x00007ffdfbb6d000 	C:\Program Files\Microsoft\jdk-17.0.13.11-hotspot\bin\msvcp140.dll
0x00007ffddc230000 - 0x00007ffddcea1000 	C:\Program Files\Microsoft\jdk-17.0.13.11-hotspot\bin\server\jvm.dll
0x00007ffe60cc0000 - 0x00007ffe60d71000 	C:\Windows\System32\ADVAPI32.dll
0x00007ffe62060000 - 0x00007ffe620ff000 	C:\Windows\System32\sechost.dll
0x00007ffe618d0000 - 0x00007ffe619f3000 	C:\Windows\System32\RPCRT4.dll
0x00007ffe5fdb0000 - 0x00007ffe5fdd7000 	C:\Windows\System32\bcrypt.dll
0x00007ffe622b0000 - 0x00007ffe6231b000 	C:\Windows\System32\WS2_32.dll
0x00007ffe5fb60000 - 0x00007ffe5fbab000 	C:\Windows\SYSTEM32\POWRPROF.dll
0x00007ffe4cf20000 - 0x00007ffe4cf47000 	C:\Windows\SYSTEM32\WINMM.dll
0x00007ffe56860000 - 0x00007ffe5686a000 	C:\Windows\SYSTEM32\VERSION.dll
0x00007ffe5fb40000 - 0x00007ffe5fb52000 	C:\Windows\SYSTEM32\UMPDC.dll
0x00007ffe5e520000 - 0x00007ffe5e532000 	C:\Windows\SYSTEM32\kernel.appcore.dll
0x00007ffe5a0f0000 - 0x00007ffe5a0fa000 	C:\Program Files\Microsoft\jdk-17.0.13.11-hotspot\bin\jimage.dll
0x00007ffe5d910000 - 0x00007ffe5daf4000 	C:\Windows\SYSTEM32\DBGHELP.DLL
0x00007ffe3e470000 - 0x00007ffe3e4a4000 	C:\Windows\SYSTEM32\dbgcore.DLL
0x00007ffe60450000 - 0x00007ffe604d2000 	C:\Windows\System32\bcryptPrimitives.dll
0x00007ffe5a0c0000 - 0x00007ffe5a0e5000 	C:\Program Files\Microsoft\jdk-17.0.13.11-hotspot\bin\java.dll
0x00007ffddc150000 - 0x00007ffddc227000 	C:\Program Files\Microsoft\jdk-17.0.13.11-hotspot\bin\jsvml.dll
0x00007ffe61160000 - 0x00007ffe618ce000 	C:\Windows\System32\SHELL32.dll
0x00007ffe5dd60000 - 0x00007ffe5e504000 	C:\Windows\SYSTEM32\windows.storage.dll
0x00007ffe608b0000 - 0x00007ffe60c05000 	C:\Windows\System32\combase.dll
0x00007ffe5f660000 - 0x00007ffe5f68f000 	C:\Windows\SYSTEM32\Wldp.dll
0x00007ffe62520000 - 0x00007ffe625ed000 	C:\Windows\System32\OLEAUT32.dll
0x00007ffe60760000 - 0x00007ffe6080d000 	C:\Windows\System32\SHCORE.dll
0x00007ffe60ec0000 - 0x00007ffe60f15000 	C:\Windows\System32\shlwapi.dll
0x00007ffe5fc30000 - 0x00007ffe5fc54000 	C:\Windows\SYSTEM32\profapi.dll
0x00007ffe59f20000 - 0x00007ffe59f3a000 	C:\Program Files\Microsoft\jdk-17.0.13.11-hotspot\bin\net.dll
0x00007ffe55b90000 - 0x00007ffe55c9d000 	C:\Windows\SYSTEM32\WINHTTP.dll
0x00007ffe5f3c0000 - 0x00007ffe5f42a000 	C:\Windows\system32\mswsock.dll
0x00007ffe594a0000 - 0x00007ffe594b6000 	C:\Program Files\Microsoft\jdk-17.0.13.11-hotspot\bin\nio.dll
0x00007ffe47a60000 - 0x00007ffe47a78000 	C:\Program Files\Microsoft\jdk-17.0.13.11-hotspot\bin\zip.dll

dbghelp: loaded successfully - version: 4.0.5 - missing functions: none
symbol engine: initialized successfully - sym options: 0x614 - pdb path: .;C:\Program Files\Microsoft\jdk-17.0.13.11-hotspot\bin;C:\Windows\SYSTEM32;C:\Windows\WinSxS\amd64_microsoft.windows.common-controls_6595b64144ccf1df_6.0.19041.4355_none_60b8b9eb71f62e16;C:\Program Files\Microsoft\jdk-17.0.13.11-hotspot\bin\server

VM Arguments:
java_command: org.jetbrains.kotlin.cli.jvm.K2JVMCompiler @C:\Users\dell\Desktop\react\SocialApps\node_modules\react-native-gesture-handler\android\build\20250205_7169634911372206133.compiler.options
java_class_path (initial): C:\Users\dell\.gradle\caches\modules-2\files-2.1\org.jetbrains.kotlin\kotlin-compiler-embeddable\2.0.21\79346ed53db48b18312a472602eb5c057070c54d\kotlin-compiler-embeddable-2.0.21.jar;C:\Users\dell\.gradle\caches\modules-2\files-2.1\org.jetbrains.kotlin\kotlin-stdlib\2.0.21\618b539767b4899b4660a83006e052b63f1db551\kotlin-stdlib-2.0.21.jar;C:\Users\dell\.gradle\caches\modules-2\files-2.1\org.jetbrains.kotlin\kotlin-script-runtime\2.0.21\c9b044380ad41f89aa89aa896c2d32a8c0b2129d\kotlin-script-runtime-2.0.21.jar;C:\Users\dell\.gradle\caches\modules-2\files-2.1\org.jetbrains.kotlin\kotlin-reflect\1.6.10\1cbe9c92c12a94eea200d23c2bbaedaf3daf5132\kotlin-reflect-1.6.10.jar;C:\Users\dell\.gradle\caches\modules-2\files-2.1\org.jetbrains.kotlin\kotlin-daemon-embeddable\2.0.21\c9e933b23287de9b5a17e2116b4657bb91aea72c\kotlin-daemon-embeddable-2.0.21.jar;C:\Users\dell\.gradle\caches\modules-2\files-2.1\org.jetbrains.intellij.deps\trove4j\1.0.20200330\3afb14d5f9ceb459d724e907a21145e8ff394f02\trove4j-1.0.20200330.jar;C:\Users\dell\.gradle\caches\modules-2\files-2.1\org.jetbrains.kotlinx\kotlinx-coroutines-core-jvm\1.6.4\2c997cd1c0ef33f3e751d3831929aeff1390cb30\kotlinx-coroutines-core-jvm-1.6.4.jar;C:\Users\dell\.gradle\caches\modules-2\files-2.1\org.jetbrains\annotations\13.0\919f0dfe192fb4e063e7dacadee7f8bb9a2672a9\annotations-13.0.jar
Launcher Type: SUN_STANDARD

[Global flags]
     intx CICompilerCount                          = 3                                         {product} {ergonomic}
     uint ConcGCThreads                            = 1                                         {product} {ergonomic}
     uint G1ConcRefinementThreads                  = 4                                         {product} {ergonomic}
   size_t G1HeapRegionSize                         = 1048576                                   {product} {ergonomic}
    uintx GCDrainStackTargetSize                   = 64                                        {product} {ergonomic}
   size_t InitialHeapSize                          = 134217728                                 {product} {ergonomic}
   size_t MarkStackSize                            = 4194304                                   {product} {ergonomic}
   size_t MaxHeapSize                              = 2118123520                                {product} {ergonomic}
   size_t MaxNewSize                               = 1270874112                                {product} {ergonomic}
   size_t MinHeapDeltaBytes                        = 1048576                                   {product} {ergonomic}
   size_t MinHeapSize                              = 8388608                                   {product} {ergonomic}
    uintx NonNMethodCodeHeapSize                   = 5832780                                {pd product} {ergonomic}
    uintx NonProfiledCodeHeapSize                  = 122912730                              {pd product} {ergonomic}
    uintx ProfiledCodeHeapSize                     = 122912730                              {pd product} {ergonomic}
    uintx ReservedCodeCacheSize                    = 251658240                              {pd product} {ergonomic}
     bool SegmentedCodeCache                       = true                                      {product} {ergonomic}
   size_t SoftMaxHeapSize                          = 2118123520                             {manageable} {ergonomic}
     bool UseCompressedClassPointers               = true                           {product lp64_product} {ergonomic}
     bool UseCompressedOops                        = true                           {product lp64_product} {ergonomic}
     bool UseG1GC                                  = true                                      {product} {ergonomic}
     bool UseLargePagesIndividualAllocation        = false                                  {pd product} {ergonomic}

Logging:
Log output configuration:
 #0: stdout all=warning uptime,level,tags
 #1: stderr all=off uptime,level,tags

Environment Variables:
CLASSPATH=C:\Users\dell\Desktop\react\SocialApps\android\\gradle\wrapper\gradle-wrapper.jar
PATH=C:\Users\dell\Desktop\react\SocialApps\node_modules\.bin;C:\Users\dell\Desktop\react\SocialApps\node_modules\.bin;C:\Users\dell\Desktop\react\node_modules\.bin;C:\Users\dell\Desktop\node_modules\.bin;C:\Users\dell\node_modules\.bin;C:\Users\node_modules\.bin;C:\node_modules\.bin;C:\Program Files\nodejs\node_modules\npm\node_modules\@npmcli\run-script\lib\node-gyp-bin;C:\Program Files\Microsoft\jdk-17.0.13.11-hotspot\bin;C:\Program Files\Common Files\Oracle\Java\javapath;C:\Windows\system32;C:\Windows;C:\Windows\System32\Wbem;C:\Windows\System32\WindowsPowerShell\v1.0\;C:\Windows\System32\OpenSSH\;C:\ProgramData\chocolatey\bin;C:\Program Files\nodejs\;C:\Users\dell\AppData\Local\Android\Sdk\platform-tools;C:\Users\dell\AppData\Local\Android\Sdk;C:\Users\dell\AppData\Local\Android\Sdk\platforms;C:\Users\dell\Desktop\React-Native\newapp\node_modules\react-native\gradle;C:\Program Files\Git\cmd;C:\Program Files\MySQL\MySQL Shell 8.0\bin\;C:\Users\dell\scoop\apps\gsudo\current;C:\Users\dell\scoop\shims;C:\Users\dell\AppData\Local\Android\platform-tools;C:\Users\dell\AppData\Local\Android\tools;C:\Users\dell\AppData\Local\Microsoft\WindowsApps;C:\Microsoft VS Code\bin;C:\Users\dell\AppData\Roaming\npm;C:\Users\dell\AppData\Local\Android\Sdk\platform-tools;C:\Users\dell\AppData\Local\Android\Sdk
USERNAME=dell
LANG=en_US.UTF-8
OS=Windows_NT
PROCESSOR_IDENTIFIER=Intel64 Family 6 Model 78 Stepping 3, GenuineIntel
TMP=C:\Users\dell\AppData\Local\Temp
TEMP=C:\Users\dell\AppData\Local\Temp



Periodic native trim disabled


---------------  S Y S T E M  ---------------

OS:
 Windows 10 , 64 bit Build 19041 (10.0.19041.5198)
OS uptime: 1 days 4:00 hours

CPU: total 4 (initial active 4) (2 cores per cpu, 2 threads per core) family 6 model 78 stepping 3 microcode 0xec, cx8, cmov, fxsr, ht, mmx, 3dnowpref, sse, sse2, sse3, ssse3, sse4.1, sse4.2, popcnt, lzcnt, tsc, tscinvbit, avx, avx2, aes, erms, clmul, bmi1, bmi2, rtm, adx, fma, vzeroupper, clflush, clflushopt
Processor Information for the first 4 processors :
  Max Mhz: 2501, Current Mhz: 2501, Mhz Limit: 2501

Memory: 4k page, system-wide physical 8073M (689M free)
TotalPageFile size 23073M (AvailPageFile size 11M)
current process WorkingSet (physical memory assigned to process): 82M, peak: 82M
current process commit charge ("private bytes"): 223M, peak: 223M

vm_info: OpenJDK 64-Bit Server VM (17.0.13+11-LTS) for windows-amd64 JRE (17.0.13+11-LTS), built on Oct 11 2024 23:25:05 by "MicrosoftCorporation" with unknown MS VC++:1939

END.
